This file contains any messages produced by compilers while
running configure, to aid debugging if configure makes a mistake.

It was created by veejay configure 0.9.0, which was
generated by GNU Autoconf 2.59.  Invocation command line was

  $ ./configure --with-extra-cflags=-g --with-gveejayreloaded --with-swscaler

## --------- ##
## Platform. ##
## --------- ##

hostname = darkstar
uname -m = i686
uname -r = 2.4.31
uname -s = Linux
uname -v = #6 Sun Jun 5 19:04:47 PDT 2005

/usr/bin/uname -p = unknown
/bin/uname -X     = unknown

/bin/arch              = i686
/usr/bin/arch -k       = unknown
/usr/convex/getsysinfo = unknown
hostinfo               = unknown
/bin/machine           = unknown
/usr/bin/oslevel       = unknown
/bin/universe          = unknown

PATH: /usr/local/sbin
PATH: /usr/local/bin
PATH: /sbin
PATH: /usr/sbin
PATH: /bin
PATH: /usr/bin


## ----------- ##
## Core tests. ##
## ----------- ##

configure:1691: checking build system type
configure:1709: result: i686-pc-linux-gnu
configure:1717: checking host system type
configure:1731: result: i686-pc-linux-gnu
configure:1739: checking target system type
configure:1753: result: i686-pc-linux-gnu
configure:1781: checking for a BSD-compatible install
configure:1836: result: /usr/bin/ginstall -c
configure:1847: checking whether build environment is sane
configure:1890: result: yes
configure:1955: checking for gawk
configure:1971: found /bin/gawk
configure:1981: result: gawk
configure:1991: checking whether make sets $(MAKE)
configure:2011: result: yes
configure:2179: checking whether to enable maintainer-specific portions of Makefiles
configure:2188: result: no
configure:2592: checking for style of include used by make
configure:2620: result: GNU
configure:2691: checking for gcc
configure:2707: found /usr/bin/gcc
configure:2717: result: gcc
configure:2961: checking for C compiler version
configure:2964: gcc --version </dev/null >&5
gcc (GCC) 3.3.6
Copyright (C) 2003 Free Software Foundation, Inc.
This is free software; see the source for copying conditions.  There is NO
warranty; not even for MERCHANTABILITY or FITNESS FOR A PARTICULAR PURPOSE.

configure:2967: $? = 0
configure:2969: gcc -v </dev/null >&5
Reading specs from /usr/lib/gcc-lib/i486-slackware-linux/3.3.6/specs
Configured with: ../gcc-3.3.6/configure --prefix=/usr --enable-shared --enable-threads=posix --enable-__cxa_atexit --disable-checking --with-gnu-ld --verbose --target=i486-slackware-linux --host=i486-slackware-linux
Thread model: posix
gcc version 3.3.6
configure:2972: $? = 0
configure:2974: gcc -V </dev/null >&5
gcc: `-V' option must have argument
configure:2977: $? = 1
configure:3000: checking for C compiler default output file name
configure:3003: gcc    conftest.c  >&5
configure:3006: $? = 0
configure:3052: result: a.out
configure:3057: checking whether the C compiler works
configure:3063: ./a.out
configure:3066: $? = 0
configure:3083: result: yes
configure:3090: checking whether we are cross compiling
configure:3092: result: no
configure:3095: checking for suffix of executables
configure:3097: gcc -o conftest    conftest.c  >&5
configure:3100: $? = 0
configure:3125: result: 
configure:3131: checking for suffix of object files
configure:3152: gcc -c   conftest.c >&5
configure:3155: $? = 0
configure:3177: result: o
configure:3181: checking whether we are using the GNU C compiler
configure:3205: gcc -c   conftest.c >&5
configure:3211: $? = 0
configure:3215: test -z 
			 || test ! -s conftest.err
configure:3218: $? = 0
configure:3221: test -s conftest.o
configure:3224: $? = 0
configure:3237: result: yes
configure:3243: checking whether gcc accepts -g
configure:3264: gcc -c -g  conftest.c >&5
configure:3270: $? = 0
configure:3274: test -z 
			 || test ! -s conftest.err
configure:3277: $? = 0
configure:3280: test -s conftest.o
configure:3283: $? = 0
configure:3294: result: yes
configure:3311: checking for gcc option to accept ANSI C
configure:3381: gcc  -c   conftest.c >&5
configure:3387: $? = 0
configure:3391: test -z 
			 || test ! -s conftest.err
configure:3394: $? = 0
configure:3397: test -s conftest.o
configure:3400: $? = 0
configure:3418: result: none needed
configure:3436: gcc -c   conftest.c >&5
conftest.c:2: error: syntax error before "me"
configure:3442: $? = 1
configure: failed program was:
| #ifndef __cplusplus
|   choke me
| #endif
configure:3577: checking dependency style of gcc
configure:3667: result: gcc3
configure:3686: checking dependency style of gcc
configure:3776: result: gcc3
configure:3793: checking for a sed that does not truncate output
configure:3847: result: /bin/sed
configure:3850: checking for egrep
configure:3860: result: grep -E
configure:3876: checking for ld used by gcc
configure:3943: result: /usr/i486-slackware-linux/bin/ld
configure:3952: checking if the linker (/usr/i486-slackware-linux/bin/ld) is GNU ld
configure:3967: result: yes
configure:3972: checking for /usr/i486-slackware-linux/bin/ld option to reload object files
configure:3979: result: -r
configure:3997: checking for BSD-compatible nm
configure:4039: result: /usr/bin/nm -B
configure:4043: checking whether ln -s works
configure:4047: result: yes
configure:4054: checking how to recognise dependent libraries
configure:4226: result: pass_all
configure:4440: checking how to run the C preprocessor
configure:4475: gcc -E  conftest.c
configure:4481: $? = 0
configure:4513: gcc -E  conftest.c
conftest.c:14:28: ac_nonexistent.h: No such file or directory
configure:4519: $? = 1
configure: failed program was:
| /* confdefs.h.  */
| 
| #define PACKAGE_NAME "veejay"
| #define PACKAGE_TARNAME "veejay"
| #define PACKAGE_VERSION "0.9.0"
| #define PACKAGE_STRING "veejay 0.9.0"
| #define PACKAGE_BUGREPORT "veejay-users@lissts.sourceforge.net"
| #define PACKAGE "veejay"
| #define VERSION "0.9.0"
| #define PACKAGE "veejay"
| #define VERSION "0.9.0"
| #define _GNU_SOURCE 1
| /* end confdefs.h.  */
| #include <ac_nonexistent.h>
configure:4558: result: gcc -E
configure:4582: gcc -E  conftest.c
configure:4588: $? = 0
configure:4620: gcc -E  conftest.c
conftest.c:14:28: ac_nonexistent.h: No such file or directory
configure:4626: $? = 1
configure: failed program was:
| /* confdefs.h.  */
| 
| #define PACKAGE_NAME "veejay"
| #define PACKAGE_TARNAME "veejay"
| #define PACKAGE_VERSION "0.9.0"
| #define PACKAGE_STRING "veejay 0.9.0"
| #define PACKAGE_BUGREPORT "veejay-users@lissts.sourceforge.net"
| #define PACKAGE "veejay"
| #define VERSION "0.9.0"
| #define PACKAGE "veejay"
| #define VERSION "0.9.0"
| #define _GNU_SOURCE 1
| /* end confdefs.h.  */
| #include <ac_nonexistent.h>
configure:4670: checking for ANSI C header files
configure:4695: gcc -c   conftest.c >&5
configure:4701: $? = 0
configure:4705: test -z 
			 || test ! -s conftest.err
configure:4708: $? = 0
configure:4711: test -s conftest.o
configure:4714: $? = 0
configure:4803: gcc -o conftest    conftest.c  >&5
configure:4806: $? = 0
configure:4808: ./conftest
configure:4811: $? = 0
configure:4826: result: yes
configure:4850: checking for sys/types.h
configure:4866: gcc -c   conftest.c >&5
configure:4872: $? = 0
configure:4876: test -z 
			 || test ! -s conftest.err
configure:4879: $? = 0
configure:4882: test -s conftest.o
configure:4885: $? = 0
configure:4896: result: yes
configure:4850: checking for sys/stat.h
configure:4866: gcc -c   conftest.c >&5
configure:4872: $? = 0
configure:4876: test -z 
			 || test ! -s conftest.err
configure:4879: $? = 0
configure:4882: test -s conftest.o
configure:4885: $? = 0
configure:4896: result: yes
configure:4850: checking for stdlib.h
configure:4866: gcc -c   conftest.c >&5
configure:4872: $? = 0
configure:4876: test -z 
			 || test ! -s conftest.err
configure:4879: $? = 0
configure:4882: test -s conftest.o
configure:4885: $? = 0
configure:4896: result: yes
configure:4850: checking for string.h
configure:4866: gcc -c   conftest.c >&5
configure:4872: $? = 0
configure:4876: test -z 
			 || test ! -s conftest.err
configure:4879: $? = 0
configure:4882: test -s conftest.o
configure:4885: $? = 0
configure:4896: result: yes
configure:4850: checking for memory.h
configure:4866: gcc -c   conftest.c >&5
configure:4872: $? = 0
configure:4876: test -z 
			 || test ! -s conftest.err
configure:4879: $? = 0
configure:4882: test -s conftest.o
configure:4885: $? = 0
configure:4896: result: yes
configure:4850: checking for strings.h
configure:4866: gcc -c   conftest.c >&5
configure:4872: $? = 0
configure:4876: test -z 
			 || test ! -s conftest.err
configure:4879: $? = 0
configure:4882: test -s conftest.o
configure:4885: $? = 0
configure:4896: result: yes
configure:4850: checking for inttypes.h
configure:4866: gcc -c   conftest.c >&5
configure:4872: $? = 0
configure:4876: test -z 
			 || test ! -s conftest.err
configure:4879: $? = 0
configure:4882: test -s conftest.o
configure:4885: $? = 0
configure:4896: result: yes
configure:4850: checking for stdint.h
configure:4866: gcc -c   conftest.c >&5
configure:4872: $? = 0
configure:4876: test -z 
			 || test ! -s conftest.err
configure:4879: $? = 0
configure:4882: test -s conftest.o
configure:4885: $? = 0
configure:4896: result: yes
configure:4850: checking for unistd.h
configure:4866: gcc -c   conftest.c >&5
configure:4872: $? = 0
configure:4876: test -z 
			 || test ! -s conftest.err
configure:4879: $? = 0
configure:4882: test -s conftest.o
configure:4885: $? = 0
configure:4896: result: yes
configure:4922: checking dlfcn.h usability
configure:4934: gcc -c   conftest.c >&5
configure:4940: $? = 0
configure:4944: test -z 
			 || test ! -s conftest.err
configure:4947: $? = 0
configure:4950: test -s conftest.o
configure:4953: $? = 0
configure:4963: result: yes
configure:4967: checking dlfcn.h presence
configure:4977: gcc -E  conftest.c
configure:4983: $? = 0
configure:5003: result: yes
configure:5038: checking for dlfcn.h
configure:5045: result: yes
configure:5110: checking for g++
configure:5126: found /usr/bin/g++
configure:5136: result: g++
configure:5152: checking for C++ compiler version
configure:5155: g++ --version </dev/null >&5
g++ (GCC) 3.3.6
Copyright (C) 2003 Free Software Foundation, Inc.
This is free software; see the source for copying conditions.  There is NO
warranty; not even for MERCHANTABILITY or FITNESS FOR A PARTICULAR PURPOSE.

configure:5158: $? = 0
configure:5160: g++ -v </dev/null >&5
Reading specs from /usr/lib/gcc-lib/i486-slackware-linux/3.3.6/specs
Configured with: ../gcc-3.3.6/configure --prefix=/usr --enable-shared --enable-threads=posix --enable-__cxa_atexit --disable-checking --with-gnu-ld --verbose --target=i486-slackware-linux --host=i486-slackware-linux
Thread model: posix
gcc version 3.3.6
configure:5163: $? = 0
configure:5165: g++ -V </dev/null >&5
g++: `-V' option must have argument
configure:5168: $? = 1
configure:5171: checking whether we are using the GNU C++ compiler
configure:5195: g++ -c   conftest.cc >&5
configure:5201: $? = 0
configure:5205: test -z 
			 || test ! -s conftest.err
configure:5208: $? = 0
configure:5211: test -s conftest.o
configure:5214: $? = 0
configure:5227: result: yes
configure:5233: checking whether g++ accepts -g
configure:5254: g++ -c -g  conftest.cc >&5
configure:5260: $? = 0
configure:5264: test -z 
			 || test ! -s conftest.err
configure:5267: $? = 0
configure:5270: test -s conftest.o
configure:5273: $? = 0
configure:5284: result: yes
configure:5326: g++ -c -g -O2  conftest.cc >&5
configure:5332: $? = 0
configure:5336: test -z 
			 || test ! -s conftest.err
configure:5339: $? = 0
configure:5342: test -s conftest.o
configure:5345: $? = 0
configure:5371: g++ -c -g -O2  conftest.cc >&5
conftest.cc: In function `int main()':
conftest.cc:29: error: `exit' undeclared (first use this function)
conftest.cc:29: error: (Each undeclared identifier is reported only once for 
   each function it appears in.)
configure:5377: $? = 1
configure: failed program was:
| /* confdefs.h.  */
| 
| #define PACKAGE_NAME "veejay"
| #define PACKAGE_TARNAME "veejay"
| #define PACKAGE_VERSION "0.9.0"
| #define PACKAGE_STRING "veejay 0.9.0"
| #define PACKAGE_BUGREPORT "veejay-users@lissts.sourceforge.net"
| #define PACKAGE "veejay"
| #define VERSION "0.9.0"
| #define PACKAGE "veejay"
| #define VERSION "0.9.0"
| #define _GNU_SOURCE 1
| #define STDC_HEADERS 1
| #define HAVE_SYS_TYPES_H 1
| #define HAVE_SYS_STAT_H 1
| #define HAVE_STDLIB_H 1
| #define HAVE_STRING_H 1
| #define HAVE_MEMORY_H 1
| #define HAVE_STRINGS_H 1
| #define HAVE_INTTYPES_H 1
| #define HAVE_STDINT_H 1
| #define HAVE_UNISTD_H 1
| #define HAVE_DLFCN_H 1
| /* end confdefs.h.  */
| 
| int
| main ()
| {
| exit (42);
|   ;
|   return 0;
| }
configure:5326: g++ -c -g -O2  conftest.cc >&5
configure:5332: $? = 0
configure:5336: test -z 
			 || test ! -s conftest.err
configure:5339: $? = 0
configure:5342: test -s conftest.o
configure:5345: $? = 0
configure:5371: g++ -c -g -O2  conftest.cc >&5
configure:5377: $? = 0
configure:5381: test -z 
			 || test ! -s conftest.err
configure:5384: $? = 0
configure:5387: test -s conftest.o
configure:5390: $? = 0
configure:5415: checking dependency style of g++
configure:5505: result: gcc3
configure:5524: checking dependency style of g++
configure:5614: result: gcc3
configure:5641: checking how to run the C++ preprocessor
configure:5672: g++ -E  conftest.cc
configure:5678: $? = 0
configure:5710: g++ -E  conftest.cc
conftest.cc:28:28: ac_nonexistent.h: No such file or directory
configure:5716: $? = 1
configure: failed program was:
| /* confdefs.h.  */
| 
| #define PACKAGE_NAME "veejay"
| #define PACKAGE_TARNAME "veejay"
| #define PACKAGE_VERSION "0.9.0"
| #define PACKAGE_STRING "veejay 0.9.0"
| #define PACKAGE_BUGREPORT "veejay-users@lissts.sourceforge.net"
| #define PACKAGE "veejay"
| #define VERSION "0.9.0"
| #define PACKAGE "veejay"
| #define VERSION "0.9.0"
| #define _GNU_SOURCE 1
| #define STDC_HEADERS 1
| #define HAVE_SYS_TYPES_H 1
| #define HAVE_SYS_STAT_H 1
| #define HAVE_STDLIB_H 1
| #define HAVE_STRING_H 1
| #define HAVE_MEMORY_H 1
| #define HAVE_STRINGS_H 1
| #define HAVE_INTTYPES_H 1
| #define HAVE_STDINT_H 1
| #define HAVE_UNISTD_H 1
| #define HAVE_DLFCN_H 1
| #ifdef __cplusplus
| extern "C" void std::exit (int) throw (); using std::exit;
| #endif
| /* end confdefs.h.  */
| #include <ac_nonexistent.h>
configure:5755: result: g++ -E
configure:5779: g++ -E  conftest.cc
configure:5785: $? = 0
configure:5817: g++ -E  conftest.cc
conftest.cc:28:28: ac_nonexistent.h: No such file or directory
configure:5823: $? = 1
configure: failed program was:
| /* confdefs.h.  */
| 
| #define PACKAGE_NAME "veejay"
| #define PACKAGE_TARNAME "veejay"
| #define PACKAGE_VERSION "0.9.0"
| #define PACKAGE_STRING "veejay 0.9.0"
| #define PACKAGE_BUGREPORT "veejay-users@lissts.sourceforge.net"
| #define PACKAGE "veejay"
| #define VERSION "0.9.0"
| #define PACKAGE "veejay"
| #define VERSION "0.9.0"
| #define _GNU_SOURCE 1
| #define STDC_HEADERS 1
| #define HAVE_SYS_TYPES_H 1
| #define HAVE_SYS_STAT_H 1
| #define HAVE_STDLIB_H 1
| #define HAVE_STRING_H 1
| #define HAVE_MEMORY_H 1
| #define HAVE_STRINGS_H 1
| #define HAVE_INTTYPES_H 1
| #define HAVE_STDINT_H 1
| #define HAVE_UNISTD_H 1
| #define HAVE_DLFCN_H 1
| #ifdef __cplusplus
| extern "C" void std::exit (int) throw (); using std::exit;
| #endif
| /* end confdefs.h.  */
| #include <ac_nonexistent.h>
configure:5920: checking for g77
configure:5936: found /usr/bin/g77
configure:5946: result: g77
configure:5965: checking for Fortran 77 compiler version
configure:5964: g77 --version </dev/null >&5
GNU Fortran (GCC) 3.3.6
Copyright (C) 2002 Free Software Foundation, Inc.

GNU Fortran comes with NO WARRANTY, to the extent permitted by law.
You may redistribute copies of GNU Fortran
under the terms of the GNU General Public License.
For more information about these matters, see the file named COPYING
or type the command `info -f g77 Copying'.
configure:5967: $? = 0
configure:5969: g77 -v </dev/null >&5
Reading specs from /usr/lib/gcc-lib/i486-slackware-linux/3.3.6/specs
Configured with: ../gcc-3.3.6/configure --prefix=/usr --enable-shared --enable-threads=posix --enable-__cxa_atexit --disable-checking --with-gnu-ld --verbose --target=i486-slackware-linux --host=i486-slackware-linux
Thread model: posix
gcc version 3.3.6
configure:5972: $? = 0
configure:5974: g77 -V </dev/null >&5
g77: `-V' option must have argument
configure:5977: $? = 1
configure:5985: checking whether we are using the GNU Fortran 77 compiler
configure:5999: g77 -c  conftest.F >&5
configure:6005: $? = 0
configure:6009: test -z 
			 || test ! -s conftest.err
configure:6012: $? = 0
configure:6015: test -s conftest.o
configure:6018: $? = 0
configure:6031: result: yes
configure:6037: checking whether g77 accepts -g
configure:6049: g77 -c -g conftest.f >&5
configure:6055: $? = 0
configure:6059: test -z 
			 || test ! -s conftest.err
configure:6062: $? = 0
configure:6065: test -s conftest.o
configure:6068: $? = 0
configure:6080: result: yes
configure:6110: checking the maximum length of command line arguments
configure:6202: result: 32768
configure:6213: checking command to parse /usr/bin/nm -B output from gcc object
configure:6309: gcc -c   conftest.c >&5
configure:6312: $? = 0
configure:6316: /usr/bin/nm -B conftest.o \| sed -n -e 's/^.*[ 	]\([ABCDGIRSTW][ABCDGIRSTW]*\)[ 	][ 	]*\([_A-Za-z][_A-Za-z0-9]*\)$/\1 \2 \2/p' \> conftest.nm
configure:6319: $? = 0
configure:6371: gcc -o conftest    conftest.c conftstm.o >&5
configure:6374: $? = 0
configure:6412: result: ok
configure:6416: checking for objdir
configure:6431: result: .libs
configure:6521: checking for ar
configure:6537: found /usr/bin/ar
configure:6548: result: ar
configure:6601: checking for ranlib
configure:6617: found /usr/bin/ranlib
configure:6628: result: ranlib
configure:6681: checking for strip
configure:6697: found /usr/bin/strip
configure:6708: result: strip
configure:6995: checking if gcc static flag  works
configure:7023: result: yes
configure:7041: checking if gcc supports -fno-rtti -fno-exceptions
configure:7063: gcc -c   -fno-rtti -fno-exceptions conftest.c >&5
cc1: warning: "-fno-rtti" is valid for C++ but not for C/ObjC
configure:7067: $? = 0
configure:7076: result: no
configure:7091: checking for gcc option to produce PIC
configure:7295: result: -fPIC
configure:7303: checking if gcc PIC flag -fPIC works
configure:7325: gcc -c   -fPIC -DPIC conftest.c >&5
configure:7329: $? = 0
configure:7338: result: yes
configure:7362: checking if gcc supports -c -o file.o
configure:7387: gcc -c   -o out/conftest2.o conftest.c >&5
configure:7391: $? = 0
configure:7409: result: yes
configure:7435: checking whether the gcc linker (/usr/i486-slackware-linux/bin/ld) supports shared libraries
configure:8331: result: yes
configure:8357: checking whether -lc should be explicitly linked in
configure:8362: gcc -c   conftest.c >&5
configure:8365: $? = 0
configure:8379: gcc -shared conftest.o  -v -Wl,-soname -Wl,conftest -o conftest 2\>\&1 \| grep  -lc  \>/dev/null 2\>\&1
configure:8382: $? = 0
configure:8394: result: no
configure:8402: checking dynamic linker characteristics
configure:8956: result: GNU/Linux ld.so
configure:8960: checking how to hardcode library paths into programs
configure:8985: result: immediate
configure:8999: checking whether stripping libraries is possible
configure:9004: result: yes
configure:9834: checking if libtool supports shared libraries
configure:9836: result: yes
configure:9839: checking whether to build shared libraries
configure:9860: result: yes
configure:9863: checking whether to build static libraries
configure:9867: result: yes
configure:9959: creating libtool
configure:10537: checking for ld used by g++
configure:10604: result: /usr/i486-slackware-linux/bin/ld
configure:10613: checking if the linker (/usr/i486-slackware-linux/bin/ld) is GNU ld
configure:10628: result: yes
configure:10679: checking whether the g++ linker (/usr/i486-slackware-linux/bin/ld) supports shared libraries
configure:11559: result: yes
configure:11577: g++ -c -g -O2  conftest.cpp >&5
configure:11580: $? = 0
configure:11690: checking for g++ option to produce PIC
configure:11958: result: -fPIC
configure:11966: checking if g++ PIC flag -fPIC works
configure:11988: g++ -c -g -O2  -fPIC -DPIC conftest.cpp >&5
configure:11992: $? = 0
configure:12001: result: yes
configure:12025: checking if g++ supports -c -o file.o
configure:12050: g++ -c -g -O2  -o out/conftest2.o conftest.cpp >&5
configure:12054: $? = 0
configure:12072: result: yes
configure:12098: checking whether the g++ linker (/usr/i486-slackware-linux/bin/ld) supports shared libraries
configure:12123: result: yes
configure:12194: checking dynamic linker characteristics
configure:12748: result: GNU/Linux ld.so
configure:12752: checking how to hardcode library paths into programs
configure:12777: result: immediate
configure:12791: checking whether stripping libraries is possible
configure:12796: result: yes
configure:14132: checking if libtool supports shared libraries
configure:14134: result: yes
configure:14137: checking whether to build shared libraries
configure:14157: result: yes
configure:14160: checking whether to build static libraries
configure:14164: result: yes
configure:14176: checking for g77 option to produce PIC
configure:14380: result: -fPIC
configure:14388: checking if g77 PIC flag -fPIC works
configure:14410: g77 -c -g -O2 -fPIC conftest.f >&5
configure:14414: $? = 0
configure:14423: result: yes
configure:14447: checking if g77 supports -c -o file.o
configure:14472: g77 -c -g -O2 -o out/conftest2.o conftest.f >&5
configure:14476: $? = 0
configure:14494: result: yes
configure:14520: checking whether the g77 linker (/usr/i486-slackware-linux/bin/ld) supports shared libraries
configure:15396: result: yes
configure:15467: checking dynamic linker characteristics
configure:16021: result: GNU/Linux ld.so
configure:16025: checking how to hardcode library paths into programs
configure:16050: result: immediate
configure:16064: checking whether stripping libraries is possible
configure:16069: result: yes
configure:20323: checking for gawk
configure:20349: result: gawk
configure:20405: checking for gcc
configure:20431: result: gcc
configure:20675: checking for C compiler version
configure:20678: gcc --version </dev/null >&5
gcc (GCC) 3.3.6
Copyright (C) 2003 Free Software Foundation, Inc.
This is free software; see the source for copying conditions.  There is NO
warranty; not even for MERCHANTABILITY or FITNESS FOR A PARTICULAR PURPOSE.

configure:20681: $? = 0
configure:20683: gcc -v </dev/null >&5
Reading specs from /usr/lib/gcc-lib/i486-slackware-linux/3.3.6/specs
Configured with: ../gcc-3.3.6/configure --prefix=/usr --enable-shared --enable-threads=posix --enable-__cxa_atexit --disable-checking --with-gnu-ld --verbose --target=i486-slackware-linux --host=i486-slackware-linux
Thread model: posix
gcc version 3.3.6
configure:20686: $? = 0
configure:20688: gcc -V </dev/null >&5
gcc: `-V' option must have argument
configure:20691: $? = 1
configure:20694: checking whether we are using the GNU C compiler
configure:20750: result: yes
configure:20756: checking whether gcc accepts -g
configure:20807: result: yes
configure:20824: checking for gcc option to accept ANSI C
configure:20931: result: none needed
configure:20949: gcc -c   conftest.c >&5
conftest.c:2: error: syntax error before "me"
configure:20955: $? = 1
configure: failed program was:
| #ifndef __cplusplus
|   choke me
| #endif
configure:21090: checking dependency style of gcc
configure:21180: result: gcc3
configure:21199: checking dependency style of gcc
configure:21289: result: gcc3
configure:21352: checking for gcc
configure:21378: result: gcc
configure:21622: checking for C compiler version
configure:21625: gcc --version </dev/null >&5
gcc (GCC) 3.3.6
Copyright (C) 2003 Free Software Foundation, Inc.
This is free software; see the source for copying conditions.  There is NO
warranty; not even for MERCHANTABILITY or FITNESS FOR A PARTICULAR PURPOSE.

configure:21628: $? = 0
configure:21630: gcc -v </dev/null >&5
Reading specs from /usr/lib/gcc-lib/i486-slackware-linux/3.3.6/specs
Configured with: ../gcc-3.3.6/configure --prefix=/usr --enable-shared --enable-threads=posix --enable-__cxa_atexit --disable-checking --with-gnu-ld --verbose --target=i486-slackware-linux --host=i486-slackware-linux
Thread model: posix
gcc version 3.3.6
configure:21633: $? = 0
configure:21635: gcc -V </dev/null >&5
gcc: `-V' option must have argument
configure:21638: $? = 1
configure:21641: checking whether we are using the GNU C compiler
configure:21697: result: yes
configure:21703: checking whether gcc accepts -g
configure:21754: result: yes
configure:21771: checking for gcc option to accept ANSI C
configure:21878: result: none needed
configure:21896: gcc -c   conftest.c >&5
conftest.c:2: error: syntax error before "me"
configure:21902: $? = 1
configure: failed program was:
| #ifndef __cplusplus
|   choke me
| #endif
configure:22037: checking dependency style of gcc
configure:22127: result: gcc3
configure:22146: checking dependency style of gcc
configure:22236: result: gcc3
configure:22350: checking for C++ compiler version
configure:22353: g++ --version </dev/null >&5
g++ (GCC) 3.3.6
Copyright (C) 2003 Free Software Foundation, Inc.
This is free software; see the source for copying conditions.  There is NO
warranty; not even for MERCHANTABILITY or FITNESS FOR A PARTICULAR PURPOSE.

configure:22356: $? = 0
configure:22358: g++ -v </dev/null >&5
Reading specs from /usr/lib/gcc-lib/i486-slackware-linux/3.3.6/specs
Configured with: ../gcc-3.3.6/configure --prefix=/usr --enable-shared --enable-threads=posix --enable-__cxa_atexit --disable-checking --with-gnu-ld --verbose --target=i486-slackware-linux --host=i486-slackware-linux
Thread model: posix
gcc version 3.3.6
configure:22361: $? = 0
configure:22363: g++ -V </dev/null >&5
g++: `-V' option must have argument
configure:22366: $? = 1
configure:22369: checking whether we are using the GNU C++ compiler
configure:22425: result: yes
configure:22431: checking whether g++ accepts -g
configure:22482: result: yes
configure:22524: g++ -c -g -O2  conftest.cc >&5
configure:22530: $? = 0
configure:22534: test -z 
			 || test ! -s conftest.err
configure:22537: $? = 0
configure:22540: test -s conftest.o
configure:22543: $? = 0
configure:22569: g++ -c -g -O2  conftest.cc >&5
configure:22575: $? = 0
configure:22579: test -z 
			 || test ! -s conftest.err
configure:22582: $? = 0
configure:22585: test -s conftest.o
configure:22588: $? = 0
configure:22613: checking dependency style of g++
configure:22703: result: gcc3
configure:22722: checking dependency style of g++
configure:22812: result: gcc3
configure:22842: checking for a BSD-compatible install
configure:22897: result: /usr/bin/ginstall -c
configure:22908: checking whether ln -s works
configure:22912: result: yes
configure:22919: checking whether byte ordering is bigendian
configure:22946: gcc -c   conftest.c >&5
configure:22952: $? = 0
configure:22956: test -z 
			 || test ! -s conftest.err
configure:22959: $? = 0
configure:22962: test -s conftest.o
configure:22965: $? = 0
configure:22989: gcc -c   conftest.c >&5
conftest.c: In function `main':
conftest.c:35: error: `not' undeclared (first use in this function)
conftest.c:35: error: (Each undeclared identifier is reported only once
conftest.c:35: error: for each function it appears in.)
conftest.c:35: error: syntax error before "big"
configure:22995: $? = 1
configure: failed program was:
| /* confdefs.h.  */
| 
| #define PACKAGE_NAME "veejay"
| #define PACKAGE_TARNAME "veejay"
| #define PACKAGE_VERSION "0.9.0"
| #define PACKAGE_STRING "veejay 0.9.0"
| #define PACKAGE_BUGREPORT "veejay-users@lissts.sourceforge.net"
| #define PACKAGE "veejay"
| #define VERSION "0.9.0"
| #define PACKAGE "veejay"
| #define VERSION "0.9.0"
| #define _GNU_SOURCE 1
| #define STDC_HEADERS 1
| #define HAVE_SYS_TYPES_H 1
| #define HAVE_SYS_STAT_H 1
| #define HAVE_STDLIB_H 1
| #define HAVE_STRING_H 1
| #define HAVE_MEMORY_H 1
| #define HAVE_STRINGS_H 1
| #define HAVE_INTTYPES_H 1
| #define HAVE_STDINT_H 1
| #define HAVE_UNISTD_H 1
| #define HAVE_DLFCN_H 1
| #ifdef __cplusplus
| extern "C" void std::exit (int) throw (); using std::exit;
| #endif
| /* end confdefs.h.  */
| #include <sys/types.h>
| #include <sys/param.h>
| 
| int
| main ()
| {
| #if BYTE_ORDER != BIG_ENDIAN
|  not big endian
| #endif
| 
|   ;
|   return 0;
| }
configure:23130: result: no
configure:23149: checking for an ANSI C-conforming const
configure:23216: gcc -c   conftest.c >&5
configure:23222: $? = 0
configure:23226: test -z 
			 || test ! -s conftest.err
configure:23229: $? = 0
configure:23232: test -s conftest.o
configure:23235: $? = 0
configure:23246: result: yes
configure:23256: checking for inline
configure:23277: gcc -c   conftest.c >&5
configure:23283: $? = 0
configure:23287: test -z 
			 || test ! -s conftest.err
configure:23290: $? = 0
configure:23293: test -s conftest.o
configure:23296: $? = 0
configure:23308: result: inline
configure:23334: checking for special C compiler options needed for large files
configure:23433: result: no
configure:23439: checking for _FILE_OFFSET_BITS value needed for large files
configure:23470: gcc -c   conftest.c >&5
conftest.c:34: warning: left shift count >= width of type
conftest.c:34: warning: left shift count >= width of type
conftest.c:36: error: size of array `off_t_is_large' is negative
configure:23476: $? = 1
configure: failed program was:
| /* confdefs.h.  */
| 
| #define PACKAGE_NAME "veejay"
| #define PACKAGE_TARNAME "veejay"
| #define PACKAGE_VERSION "0.9.0"
| #define PACKAGE_STRING "veejay 0.9.0"
| #define PACKAGE_BUGREPORT "veejay-users@lissts.sourceforge.net"
| #define PACKAGE "veejay"
| #define VERSION "0.9.0"
| #define PACKAGE "veejay"
| #define VERSION "0.9.0"
| #define _GNU_SOURCE 1
| #define STDC_HEADERS 1
| #define HAVE_SYS_TYPES_H 1
| #define HAVE_SYS_STAT_H 1
| #define HAVE_STDLIB_H 1
| #define HAVE_STRING_H 1
| #define HAVE_MEMORY_H 1
| #define HAVE_STRINGS_H 1
| #define HAVE_INTTYPES_H 1
| #define HAVE_STDINT_H 1
| #define HAVE_UNISTD_H 1
| #define HAVE_DLFCN_H 1
| #ifdef __cplusplus
| extern "C" void std::exit (int) throw (); using std::exit;
| #endif
| /* end confdefs.h.  */
| #include <sys/types.h>
|  /* Check that off_t can represent 2**63 - 1 correctly.
|     We can't simply define LARGE_OFF_T to be 9223372036854775807,
|     since some C++ compilers masquerading as C compilers
|     incorrectly reject 9223372036854775807.  */
| #define LARGE_OFF_T (((off_t) 1 << 62) - 1 + ((off_t) 1 << 62))
|   int off_t_is_large[(LARGE_OFF_T % 2147483629 == 721
| 		       && LARGE_OFF_T % 2147483647 == 1)
| 		      ? 1 : -1];
| int
| main ()
| {
| 
|   ;
|   return 0;
| }
configure:23523: gcc -c   conftest.c >&5
configure:23529: $? = 0
configure:23533: test -z 
			 || test ! -s conftest.err
configure:23536: $? = 0
configure:23539: test -s conftest.o
configure:23542: $? = 0
configure:23554: result: 64
configure:23564: checking for _LARGE_FILES value needed for large files
configure:23595: gcc -c   conftest.c >&5
configure:23601: $? = 0
configure:23605: test -z 
			 || test ! -s conftest.err
configure:23608: $? = 0
configure:23611: test -s conftest.o
configure:23614: $? = 0
configure:23679: result: no
configure:23718: checking fenv.h usability
configure:23730: gcc -c   conftest.c >&5
configure:23736: $? = 0
configure:23740: test -z 
			 || test ! -s conftest.err
configure:23743: $? = 0
configure:23746: test -s conftest.o
configure:23749: $? = 0
configure:23759: result: yes
configure:23763: checking fenv.h presence
configure:23773: gcc -E  conftest.c
configure:23779: $? = 0
configure:23799: result: yes
configure:23834: checking for fenv.h
configure:23841: result: yes
configure:23709: checking for stdint.h
configure:23714: result: yes
configure:23709: checking for inttypes.h
configure:23714: result: yes
configure:23709: checking for sys/types.h
configure:23714: result: yes
configure:23718: checking alloca.h usability
configure:23730: gcc -c   conftest.c >&5
configure:23736: $? = 0
configure:23740: test -z 
			 || test ! -s conftest.err
configure:23743: $? = 0
configure:23746: test -s conftest.o
configure:23749: $? = 0
configure:23759: result: yes
configure:23763: checking alloca.h presence
configure:23773: gcc -E  conftest.c
configure:23779: $? = 0
configure:23799: result: yes
configure:23834: checking for alloca.h
configure:23841: result: yes
configure:23871: checking for posix_memalign
configure:23928: gcc -o conftest    conftest.c  >&5
configure:23934: $? = 0
configure:23938: test -z 
			 || test ! -s conftest.err
configure:23941: $? = 0
configure:23944: test -s conftest
configure:23947: $? = 0
configure:23959: result: yes
configure:23871: checking for memalign
configure:23928: gcc -o conftest    conftest.c  >&5
configure:23934: $? = 0
configure:23938: test -z 
			 || test ! -s conftest.err
configure:23941: $? = 0
configure:23944: test -s conftest
configure:23947: $? = 0
configure:23959: result: yes
configure:23871: checking for fmax
configure:23928: gcc -o conftest    conftest.c  >&5
/tmp/cc2L6QYK.o(.text+0x16): In function `main':
: undefined reference to `fmax'
/tmp/cc2L6QYK.o(.data+0x0): undefined reference to `fmax'
collect2: ld returned 1 exit status
configure:23934: $? = 1
configure: failed program was:
| /* confdefs.h.  */
| 
| #define PACKAGE_NAME "veejay"
| #define PACKAGE_TARNAME "veejay"
| #define PACKAGE_VERSION "0.9.0"
| #define PACKAGE_STRING "veejay 0.9.0"
| #define PACKAGE_BUGREPORT "veejay-users@lissts.sourceforge.net"
| #define PACKAGE "veejay"
| #define VERSION "0.9.0"
| #define PACKAGE "veejay"
| #define VERSION "0.9.0"
| #define _GNU_SOURCE 1
| #define STDC_HEADERS 1
| #define HAVE_SYS_TYPES_H 1
| #define HAVE_SYS_STAT_H 1
| #define HAVE_STDLIB_H 1
| #define HAVE_STRING_H 1
| #define HAVE_MEMORY_H 1
| #define HAVE_STRINGS_H 1
| #define HAVE_INTTYPES_H 1
| #define HAVE_STDINT_H 1
| #define HAVE_UNISTD_H 1
| #define HAVE_DLFCN_H 1
| #ifdef __cplusplus
| extern "C" void std::exit (int) throw (); using std::exit;
| #endif
| #define _FILE_OFFSET_BITS 64
| #define HAVE_FENV_H 1
| #define HAVE_STDINT_H 1
| #define HAVE_INTTYPES_H 1
| #define HAVE_SYS_TYPES_H 1
| #define HAVE_ALLOCA_H 1
| #define HAVE_POSIX_MEMALIGN 1
| #define HAVE_MEMALIGN 1
| /* end confdefs.h.  */
| /* Define fmax to an innocuous variant, in case <limits.h> declares fmax.
|    For example, HP-UX 11i <limits.h> declares gettimeofday.  */
| #define fmax innocuous_fmax
| 
| /* System header to define __stub macros and hopefully few prototypes,
|     which can conflict with char fmax (); below.
|     Prefer <limits.h> to <assert.h> if __STDC__ is defined, since
|     <limits.h> exists even on freestanding compilers.  */
| 
| #ifdef __STDC__
| # include <limits.h>
| #else
| # include <assert.h>
| #endif
| 
| #undef fmax
| 
| /* Override any gcc2 internal prototype to avoid an error.  */
| #ifdef __cplusplus
| extern "C"
| {
| #endif
| /* We use char because int might match the return type of a gcc2
|    builtin and then its argument prototype would still apply.  */
| char fmax ();
| /* The GNU C library defines this for functions which it implements
|     to always fail with ENOSYS.  Some functions are actually named
|     something starting with __ and the normal name is an alias.  */
| #if defined (__stub_fmax) || defined (__stub___fmax)
| choke me
| #else
| char (*f) () = fmax;
| #endif
| #ifdef __cplusplus
| }
| #endif
| 
| int
| main ()
| {
| return f != fmax;
|   ;
|   return 0;
| }
configure:23959: result: no
configure:23871: checking for lround
configure:23928: gcc -o conftest    conftest.c  >&5
/tmp/cc8eUNwU.o(.text+0x16): In function `main':
: undefined reference to `lround'
/tmp/cc8eUNwU.o(.data+0x0): undefined reference to `lround'
collect2: ld returned 1 exit status
configure:23934: $? = 1
configure: failed program was:
| /* confdefs.h.  */
| 
| #define PACKAGE_NAME "veejay"
| #define PACKAGE_TARNAME "veejay"
| #define PACKAGE_VERSION "0.9.0"
| #define PACKAGE_STRING "veejay 0.9.0"
| #define PACKAGE_BUGREPORT "veejay-users@lissts.sourceforge.net"
| #define PACKAGE "veejay"
| #define VERSION "0.9.0"
| #define PACKAGE "veejay"
| #define VERSION "0.9.0"
| #define _GNU_SOURCE 1
| #define STDC_HEADERS 1
| #define HAVE_SYS_TYPES_H 1
| #define HAVE_SYS_STAT_H 1
| #define HAVE_STDLIB_H 1
| #define HAVE_STRING_H 1
| #define HAVE_MEMORY_H 1
| #define HAVE_STRINGS_H 1
| #define HAVE_INTTYPES_H 1
| #define HAVE_STDINT_H 1
| #define HAVE_UNISTD_H 1
| #define HAVE_DLFCN_H 1
| #ifdef __cplusplus
| extern "C" void std::exit (int) throw (); using std::exit;
| #endif
| #define _FILE_OFFSET_BITS 64
| #define HAVE_FENV_H 1
| #define HAVE_STDINT_H 1
| #define HAVE_INTTYPES_H 1
| #define HAVE_SYS_TYPES_H 1
| #define HAVE_ALLOCA_H 1
| #define HAVE_POSIX_MEMALIGN 1
| #define HAVE_MEMALIGN 1
| /* end confdefs.h.  */
| /* Define lround to an innocuous variant, in case <limits.h> declares lround.
|    For example, HP-UX 11i <limits.h> declares gettimeofday.  */
| #define lround innocuous_lround
| 
| /* System header to define __stub macros and hopefully few prototypes,
|     which can conflict with char lround (); below.
|     Prefer <limits.h> to <assert.h> if __STDC__ is defined, since
|     <limits.h> exists even on freestanding compilers.  */
| 
| #ifdef __STDC__
| # include <limits.h>
| #else
| # include <assert.h>
| #endif
| 
| #undef lround
| 
| /* Override any gcc2 internal prototype to avoid an error.  */
| #ifdef __cplusplus
| extern "C"
| {
| #endif
| /* We use char because int might match the return type of a gcc2
|    builtin and then its argument prototype would still apply.  */
| char lround ();
| /* The GNU C library defines this for functions which it implements
|     to always fail with ENOSYS.  Some functions are actually named
|     something starting with __ and the normal name is an alias.  */
| #if defined (__stub_lround) || defined (__stub___lround)
| choke me
| #else
| char (*f) () = lround;
| #endif
| #ifdef __cplusplus
| }
| #endif
| 
| int
| main ()
| {
| return f != lround;
|   ;
|   return 0;
| }
configure:23959: result: no
configure:23871: checking for pow
configure:23928: gcc -o conftest    conftest.c  >&5
/tmp/cc27buE6.o(.text+0x16): In function `main':
: undefined reference to `pow'
/tmp/cc27buE6.o(.data+0x0): undefined reference to `pow'
collect2: ld returned 1 exit status
configure:23934: $? = 1
configure: failed program was:
| /* confdefs.h.  */
| 
| #define PACKAGE_NAME "veejay"
| #define PACKAGE_TARNAME "veejay"
| #define PACKAGE_VERSION "0.9.0"
| #define PACKAGE_STRING "veejay 0.9.0"
| #define PACKAGE_BUGREPORT "veejay-users@lissts.sourceforge.net"
| #define PACKAGE "veejay"
| #define VERSION "0.9.0"
| #define PACKAGE "veejay"
| #define VERSION "0.9.0"
| #define _GNU_SOURCE 1
| #define STDC_HEADERS 1
| #define HAVE_SYS_TYPES_H 1
| #define HAVE_SYS_STAT_H 1
| #define HAVE_STDLIB_H 1
| #define HAVE_STRING_H 1
| #define HAVE_MEMORY_H 1
| #define HAVE_STRINGS_H 1
| #define HAVE_INTTYPES_H 1
| #define HAVE_STDINT_H 1
| #define HAVE_UNISTD_H 1
| #define HAVE_DLFCN_H 1
| #ifdef __cplusplus
| extern "C" void std::exit (int) throw (); using std::exit;
| #endif
| #define _FILE_OFFSET_BITS 64
| #define HAVE_FENV_H 1
| #define HAVE_STDINT_H 1
| #define HAVE_INTTYPES_H 1
| #define HAVE_SYS_TYPES_H 1
| #define HAVE_ALLOCA_H 1
| #define HAVE_POSIX_MEMALIGN 1
| #define HAVE_MEMALIGN 1
| /* end confdefs.h.  */
| /* Define pow to an innocuous variant, in case <limits.h> declares pow.
|    For example, HP-UX 11i <limits.h> declares gettimeofday.  */
| #define pow innocuous_pow
| 
| /* System header to define __stub macros and hopefully few prototypes,
|     which can conflict with char pow (); below.
|     Prefer <limits.h> to <assert.h> if __STDC__ is defined, since
|     <limits.h> exists even on freestanding compilers.  */
| 
| #ifdef __STDC__
| # include <limits.h>
| #else
| # include <assert.h>
| #endif
| 
| #undef pow
| 
| /* Override any gcc2 internal prototype to avoid an error.  */
| #ifdef __cplusplus
| extern "C"
| {
| #endif
| /* We use char because int might match the return type of a gcc2
|    builtin and then its argument prototype would still apply.  */
| char pow ();
| /* The GNU C library defines this for functions which it implements
|     to always fail with ENOSYS.  Some functions are actually named
|     something starting with __ and the normal name is an alias.  */
| #if defined (__stub_pow) || defined (__stub___pow)
| choke me
| #else
| char (*f) () = pow;
| #endif
| #ifdef __cplusplus
| }
| #endif
| 
| int
| main ()
| {
| return f != pow;
|   ;
|   return 0;
| }
configure:23959: result: no
configure:23871: checking for bzero
configure:23928: gcc -o conftest    conftest.c  >&5
conftest.c:60: warning: conflicting types for built-in function `bzero'
configure:23934: $? = 0
configure:23938: test -z 
			 || test ! -s conftest.err
configure:23941: $? = 0
configure:23944: test -s conftest
configure:23947: $? = 0
configure:23959: result: yes
configure:23871: checking for gettimeofday
configure:23928: gcc -o conftest    conftest.c  >&5
configure:23934: $? = 0
configure:23938: test -z 
			 || test ! -s conftest.err
configure:23941: $? = 0
configure:23944: test -s conftest
configure:23947: $? = 0
configure:23959: result: yes
configure:23871: checking for memset
configure:23928: gcc -o conftest    conftest.c  >&5
conftest.c:62: warning: conflicting types for built-in function `memset'
configure:23934: $? = 0
configure:23938: test -z 
			 || test ! -s conftest.err
configure:23941: $? = 0
configure:23944: test -s conftest
configure:23947: $? = 0
configure:23959: result: yes
configure:23871: checking for mmap
configure:23928: gcc -o conftest    conftest.c  >&5
configure:23934: $? = 0
configure:23938: test -z 
			 || test ! -s conftest.err
configure:23941: $? = 0
configure:23944: test -s conftest
configure:23947: $? = 0
configure:23959: result: yes
configure:23871: checking for strndup
configure:23928: gcc -o conftest    conftest.c  >&5
configure:23934: $? = 0
configure:23938: test -z 
			 || test ! -s conftest.err
configure:23941: $? = 0
configure:23944: test -s conftest
configure:23947: $? = 0
configure:23959: result: yes
configure:23871: checking for strstr
configure:23928: gcc -o conftest    conftest.c  >&5
conftest.c:65: warning: conflicting types for built-in function `strstr'
configure:23934: $? = 0
configure:23938: test -z 
			 || test ! -s conftest.err
configure:23941: $? = 0
configure:23944: test -s conftest
configure:23947: $? = 0
configure:23959: result: yes
configure:23871: checking for strncasecmp
configure:23928: gcc -o conftest    conftest.c  >&5
configure:23934: $? = 0
configure:23938: test -z 
			 || test ! -s conftest.err
configure:23941: $? = 0
configure:23944: test -s conftest
configure:23947: $? = 0
configure:23959: result: yes
configure:23973: checking for sched_get_priority_max
configure:24030: gcc -o conftest    conftest.c  >&5
configure:24036: $? = 0
configure:24040: test -z 
			 || test ! -s conftest.err
configure:24043: $? = 0
configure:24046: test -s conftest
configure:24049: $? = 0
configure:24061: result: yes
configure:24078: checking for select
configure:24135: gcc -o conftest    conftest.c  >&5
configure:24141: $? = 0
configure:24145: test -z 
			 || test ! -s conftest.err
configure:24148: $? = 0
configure:24151: test -s conftest
configure:24154: $? = 0
configure:24166: result: yes
configure:24078: checking for socket
configure:24135: gcc -o conftest    conftest.c  >&5
configure:24141: $? = 0
configure:24145: test -z 
			 || test ! -s conftest.err
configure:24148: $? = 0
configure:24151: test -s conftest
configure:24154: $? = 0
configure:24166: result: yes
configure:24078: checking for getpagesize
configure:24135: gcc -o conftest    conftest.c  >&5
configure:24141: $? = 0
configure:24145: test -z 
			 || test ! -s conftest.err
configure:24148: $? = 0
configure:24151: test -s conftest
configure:24154: $? = 0
configure:24166: result: yes
configure:24078: checking for memcpy
configure:24135: gcc -o conftest    conftest.c  >&5
conftest.c:71: warning: conflicting types for built-in function `memcpy'
configure:24141: $? = 0
configure:24145: test -z 
			 || test ! -s conftest.err
configure:24148: $? = 0
configure:24151: test -s conftest
configure:24154: $? = 0
configure:24166: result: yes
configure:24177: checking for getopt_long
configure:24234: gcc -o conftest    conftest.c  >&5
configure:24240: $? = 0
configure:24244: test -z 
			 || test ! -s conftest.err
configure:24247: $? = 0
configure:24250: test -s conftest
configure:24253: $? = 0
configure:24265: result: yes
configure:24353: checking return type of signal handlers
configure:24384: gcc -c   conftest.c >&5
configure:24390: $? = 0
configure:24394: test -z 
			 || test ! -s conftest.err
configure:24397: $? = 0
configure:24400: test -s conftest.o
configure:24403: $? = 0
configure:24414: result: void
configure:24423: The host is i686-pc-linux-gnu  i686  pc  linux-gnu .
configure:24454: checking linux/version.h usability
configure:24466: gcc -c   conftest.c >&5
configure:24472: $? = 0
configure:24476: test -z 
			 || test ! -s conftest.err
configure:24479: $? = 0
configure:24482: test -s conftest.o
configure:24485: $? = 0
configure:24495: result: yes
configure:24499: checking linux/version.h presence
configure:24509: gcc -E  conftest.c
configure:24515: $? = 0
configure:24535: result: yes
configure:24570: checking for linux/version.h
configure:24577: result: yes
configure:24637: checking linux/videodev.h usability
configure:24649: gcc -c   conftest.c >&5
configure:24655: $? = 0
configure:24659: test -z 
			 || test ! -s conftest.err
configure:24662: $? = 0
configure:24665: test -s conftest.o
configure:24668: $? = 0
configure:24678: result: yes
configure:24682: checking linux/videodev.h presence
configure:24692: gcc -E  conftest.c
configure:24698: $? = 0
configure:24718: result: yes
configure:24753: checking for linux/videodev.h
configure:24760: result: yes
configure:24786: checking for pthread_create in -lpthread
configure:24816: gcc -o conftest    conftest.c -lpthread   >&5
configure:24822: $? = 0
configure:24826: test -z 
			 || test ! -s conftest.err
configure:24829: $? = 0
configure:24832: test -s conftest
configure:24835: $? = 0
configure:24848: result: yes
configure:24861: checking for pthread_attr_getstacksize
configure:24918: gcc -o conftest    conftest.c  >&5
/tmp/ccA747Wy.o(.text+0x16): In function `main':
: undefined reference to `pthread_attr_getstacksize'
/tmp/ccA747Wy.o(.data+0x0): undefined reference to `pthread_attr_getstacksize'
collect2: ld returned 1 exit status
configure:24924: $? = 1
configure: failed program was:
| /* confdefs.h.  */
| 
| #define PACKAGE_NAME "veejay"
| #define PACKAGE_TARNAME "veejay"
| #define PACKAGE_VERSION "0.9.0"
| #define PACKAGE_STRING "veejay 0.9.0"
| #define PACKAGE_BUGREPORT "veejay-users@lissts.sourceforge.net"
| #define PACKAGE "veejay"
| #define VERSION "0.9.0"
| #define PACKAGE "veejay"
| #define VERSION "0.9.0"
| #define _GNU_SOURCE 1
| #define STDC_HEADERS 1
| #define HAVE_SYS_TYPES_H 1
| #define HAVE_SYS_STAT_H 1
| #define HAVE_STDLIB_H 1
| #define HAVE_STRING_H 1
| #define HAVE_MEMORY_H 1
| #define HAVE_STRINGS_H 1
| #define HAVE_INTTYPES_H 1
| #define HAVE_STDINT_H 1
| #define HAVE_UNISTD_H 1
| #define HAVE_DLFCN_H 1
| #ifdef __cplusplus
| extern "C" void std::exit (int) throw (); using std::exit;
| #endif
| #define _FILE_OFFSET_BITS 64
| #define HAVE_FENV_H 1
| #define HAVE_STDINT_H 1
| #define HAVE_INTTYPES_H 1
| #define HAVE_SYS_TYPES_H 1
| #define HAVE_ALLOCA_H 1
| #define HAVE_POSIX_MEMALIGN 1
| #define HAVE_MEMALIGN 1
| #define HAVE_BZERO 1
| #define HAVE_GETTIMEOFDAY 1
| #define HAVE_MEMSET 1
| #define HAVE_MMAP 1
| #define HAVE_STRNDUP 1
| #define HAVE_STRSTR 1
| #define HAVE_STRNCASECMP 1
| #define HAVE_SCHED_GET_PRIORITY_MAX 1
| #define HAVE_SELECT 1
| #define HAVE_SOCKET 1
| #define HAVE_GETPAGESIZE 1
| #define HAVE_MEMCPY 1
| #define HAVE_GETOPT_LONG 1
| #define RETSIGTYPE void
| #define USE_SWSCALER 1
| #define HAVE_LINUX
| #define HAVE_V4L 1
| #define HAVE_LIBPTHREAD
| /* end confdefs.h.  */
| /* Define pthread_attr_getstacksize to an innocuous variant, in case <limits.h> declares pthread_attr_getstacksize.
|    For example, HP-UX 11i <limits.h> declares gettimeofday.  */
| #define pthread_attr_getstacksize innocuous_pthread_attr_getstacksize
| 
| /* System header to define __stub macros and hopefully few prototypes,
|     which can conflict with char pthread_attr_getstacksize (); below.
|     Prefer <limits.h> to <assert.h> if __STDC__ is defined, since
|     <limits.h> exists even on freestanding compilers.  */
| 
| #ifdef __STDC__
| # include <limits.h>
| #else
| # include <assert.h>
| #endif
| 
| #undef pthread_attr_getstacksize
| 
| /* Override any gcc2 internal prototype to avoid an error.  */
| #ifdef __cplusplus
| extern "C"
| {
| #endif
| /* We use char because int might match the return type of a gcc2
|    builtin and then its argument prototype would still apply.  */
| char pthread_attr_getstacksize ();
| /* The GNU C library defines this for functions which it implements
|     to always fail with ENOSYS.  Some functions are actually named
|     something starting with __ and the normal name is an alias.  */
| #if defined (__stub_pthread_attr_getstacksize) || defined (__stub___pthread_attr_getstacksize)
| choke me
| #else
| char (*f) () = pthread_attr_getstacksize;
| #endif
| #ifdef __cplusplus
| }
| #endif
| 
| int
| main ()
| {
| return f != pthread_attr_getstacksize;
|   ;
|   return 0;
| }
configure:24949: result: no
configure:24964: checking for dlopen in -ldl
configure:24994: gcc -o conftest    conftest.c -ldl   >&5
configure:25000: $? = 0
configure:25004: test -z 
			 || test ! -s conftest.err
configure:25007: $? = 0
configure:25010: test -s conftest
configure:25013: $? = 0
configure:25026: result: yes
configure:25074: checking for jpeg_start_compress in -ljpeg-mmx
configure:25104: gcc -o conftest  -I/usr/local/src/jpeg-mmx   conftest.c -ljpeg-mmx  -ldl  -L/usr/local/src/jpeg-mmx >&5
/usr/lib/gcc-lib/i486-slackware-linux/3.3.6/../../../../i486-slackware-linux/bin/ld: cannot find -ljpeg-mmx
collect2: ld returned 1 exit status
configure:25110: $? = 1
configure: failed program was:
| /* confdefs.h.  */
| 
| #define PACKAGE_NAME "veejay"
| #define PACKAGE_TARNAME "veejay"
| #define PACKAGE_VERSION "0.9.0"
| #define PACKAGE_STRING "veejay 0.9.0"
| #define PACKAGE_BUGREPORT "veejay-users@lissts.sourceforge.net"
| #define PACKAGE "veejay"
| #define VERSION "0.9.0"
| #define PACKAGE "veejay"
| #define VERSION "0.9.0"
| #define _GNU_SOURCE 1
| #define STDC_HEADERS 1
| #define HAVE_SYS_TYPES_H 1
| #define HAVE_SYS_STAT_H 1
| #define HAVE_STDLIB_H 1
| #define HAVE_STRING_H 1
| #define HAVE_MEMORY_H 1
| #define HAVE_STRINGS_H 1
| #define HAVE_INTTYPES_H 1
| #define HAVE_STDINT_H 1
| #define HAVE_UNISTD_H 1
| #define HAVE_DLFCN_H 1
| #ifdef __cplusplus
| extern "C" void std::exit (int) throw (); using std::exit;
| #endif
| #define _FILE_OFFSET_BITS 64
| #define HAVE_FENV_H 1
| #define HAVE_STDINT_H 1
| #define HAVE_INTTYPES_H 1
| #define HAVE_SYS_TYPES_H 1
| #define HAVE_ALLOCA_H 1
| #define HAVE_POSIX_MEMALIGN 1
| #define HAVE_MEMALIGN 1
| #define HAVE_BZERO 1
| #define HAVE_GETTIMEOFDAY 1
| #define HAVE_MEMSET 1
| #define HAVE_MMAP 1
| #define HAVE_STRNDUP 1
| #define HAVE_STRSTR 1
| #define HAVE_STRNCASECMP 1
| #define HAVE_SCHED_GET_PRIORITY_MAX 1
| #define HAVE_SELECT 1
| #define HAVE_SOCKET 1
| #define HAVE_GETPAGESIZE 1
| #define HAVE_MEMCPY 1
| #define HAVE_GETOPT_LONG 1
| #define RETSIGTYPE void
| #define USE_SWSCALER 1
| #define HAVE_LINUX
| #define HAVE_V4L 1
| #define HAVE_LIBPTHREAD
| #define HAVE_LIBDL 1
| #define HAVE_DL_DLOPEN
| /* end confdefs.h.  */
| 
| /* Override any gcc2 internal prototype to avoid an error.  */
| #ifdef __cplusplus
| extern "C"
| #endif
| /* We use char because int might match the return type of a gcc2
|    builtin and then its argument prototype would still apply.  */
| char jpeg_start_compress ();
| int
| main ()
| {
| jpeg_start_compress ();
|   ;
|   return 0;
| }
configure:25136: result: no
configure:25158: checking jpeglib.h usability
configure:25170: gcc -c   conftest.c >&5
configure:25176: $? = 0
configure:25180: test -z 
			 || test ! -s conftest.err
configure:25183: $? = 0
configure:25186: test -s conftest.o
configure:25189: $? = 0
configure:25199: result: yes
configure:25203: checking jpeglib.h presence
configure:25213: gcc -E  conftest.c
configure:25219: $? = 0
configure:25239: result: yes
configure:25274: checking for jpeglib.h
configure:25281: result: yes
configure:25294: checking for jpeg_start_compress in -ljpeg
configure:25324: gcc -o conftest    conftest.c -ljpeg  -ldl  >&5
configure:25330: $? = 0
configure:25334: test -z 
			 || test ! -s conftest.err
configure:25337: $? = 0
configure:25340: test -s conftest
configure:25343: $? = 0
configure:25356: result: yes
configure:25424: checking for pkg-config
configure:25442: found /usr/bin/pkg-config
configure:25454: result: /usr/bin/pkg-config
configure:25469: checking pkg-config is at least version 0.9.0
configure:25472: result: yes
configure:25483: checking for PIXBUF
configure:25491: $PKG_CONFIG --exists --print-errors "gtk+-2.0 >= 2.4 gdk-pixbuf-2.0"
configure:25494: $? = 0
configure:25509: $PKG_CONFIG --exists --print-errors "gtk+-2.0 >= 2.4 gdk-pixbuf-2.0"
configure:25512: $? = 0
configure:25546: result: yes
configure:25563: checking for LIBDV
configure:25571: $PKG_CONFIG --exists --print-errors "libdv >= 0.102"
Package libdv was not found in the pkg-config search path.
Perhaps you should add the directory containing `libdv.pc'
to the PKG_CONFIG_PATH environment variable
No package 'libdv' found
configure:25574: $? = 1
configure:25589: $PKG_CONFIG --exists --print-errors "libdv >= 0.102"
Package libdv was not found in the pkg-config search path.
Perhaps you should add the directory containing `libdv.pc'
to the PKG_CONFIG_PATH environment variable
No package 'libdv' found
configure:25592: $? = 1
No package 'libdv' found
configure:25637: checking for __progname
configure:25659: gcc -o conftest    conftest.c -ldl  >&5
configure:25665: $? = 0
configure:25669: test -z 
			 || test ! -s conftest.err
configure:25672: $? = 0
configure:25675: test -s conftest
configure:25678: $? = 0
configure:25690: result: yes
configure:25701: checking for XF86DGAQueryExtension in -lXxf86dga
configure:25731: gcc -o conftest    conftest.c -lXxf86dga   -lXext -lX11  -ldl  >&5
/usr/lib/gcc-lib/i486-slackware-linux/3.3.6/../../../../i486-slackware-linux/bin/ld: cannot find -lXxf86dga
collect2: ld returned 1 exit status
configure:25737: $? = 1
configure: failed program was:
| /* confdefs.h.  */
| 
| #define PACKAGE_NAME "veejay"
| #define PACKAGE_TARNAME "veejay"
| #define PACKAGE_VERSION "0.9.0"
| #define PACKAGE_STRING "veejay 0.9.0"
| #define PACKAGE_BUGREPORT "veejay-users@lissts.sourceforge.net"
| #define PACKAGE "veejay"
| #define VERSION "0.9.0"
| #define PACKAGE "veejay"
| #define VERSION "0.9.0"
| #define _GNU_SOURCE 1
| #define STDC_HEADERS 1
| #define HAVE_SYS_TYPES_H 1
| #define HAVE_SYS_STAT_H 1
| #define HAVE_STDLIB_H 1
| #define HAVE_STRING_H 1
| #define HAVE_MEMORY_H 1
| #define HAVE_STRINGS_H 1
| #define HAVE_INTTYPES_H 1
| #define HAVE_STDINT_H 1
| #define HAVE_UNISTD_H 1
| #define HAVE_DLFCN_H 1
| #ifdef __cplusplus
| extern "C" void std::exit (int) throw (); using std::exit;
| #endif
| #define _FILE_OFFSET_BITS 64
| #define HAVE_FENV_H 1
| #define HAVE_STDINT_H 1
| #define HAVE_INTTYPES_H 1
| #define HAVE_SYS_TYPES_H 1
| #define HAVE_ALLOCA_H 1
| #define HAVE_POSIX_MEMALIGN 1
| #define HAVE_MEMALIGN 1
| #define HAVE_BZERO 1
| #define HAVE_GETTIMEOFDAY 1
| #define HAVE_MEMSET 1
| #define HAVE_MMAP 1
| #define HAVE_STRNDUP 1
| #define HAVE_STRSTR 1
| #define HAVE_STRNCASECMP 1
| #define HAVE_SCHED_GET_PRIORITY_MAX 1
| #define HAVE_SELECT 1
| #define HAVE_SOCKET 1
| #define HAVE_GETPAGESIZE 1
| #define HAVE_MEMCPY 1
| #define HAVE_GETOPT_LONG 1
| #define RETSIGTYPE void
| #define USE_SWSCALER 1
| #define HAVE_LINUX
| #define HAVE_V4L 1
| #define HAVE_LIBPTHREAD
| #define HAVE_LIBDL 1
| #define HAVE_DL_DLOPEN
| #define HAVE_JPEG
| #define USE_GDK_PIXBUF 1
| #define HAVE___PROGNAME 1
| /* end confdefs.h.  */
| 
| /* Override any gcc2 internal prototype to avoid an error.  */
| #ifdef __cplusplus
| extern "C"
| #endif
| /* We use char because int might match the return type of a gcc2
|    builtin and then its argument prototype would still apply.  */
| char XF86DGAQueryExtension ();
| int
| main ()
| {
| XF86DGAQueryExtension ();
|   ;
|   return 0;
| }
configure:25763: result: no
configure:25827: checking for glib-config
configure:25845: found /usr/bin/glib-config
configure:25858: result: /usr/bin/glib-config
configure:25866: checking for GLIB - version >= 2.0
configure:25970: gcc -o conftest  -I/usr/include/glib-1.2 -I/usr/lib/glib/include   conftest.c -L/usr/lib -lglib -ldl  >&5
configure:25973: $? = 0
configure:25975: ./conftest
configure:25978: $? = 1
configure: program exited with status 1
configure: failed program was:
| /* confdefs.h.  */
| 
| #define PACKAGE_NAME "veejay"
| #define PACKAGE_TARNAME "veejay"
| #define PACKAGE_VERSION "0.9.0"
| #define PACKAGE_STRING "veejay 0.9.0"
| #define PACKAGE_BUGREPORT "veejay-users@lissts.sourceforge.net"
| #define PACKAGE "veejay"
| #define VERSION "0.9.0"
| #define PACKAGE "veejay"
| #define VERSION "0.9.0"
| #define _GNU_SOURCE 1
| #define STDC_HEADERS 1
| #define HAVE_SYS_TYPES_H 1
| #define HAVE_SYS_STAT_H 1
| #define HAVE_STDLIB_H 1
| #define HAVE_STRING_H 1
| #define HAVE_MEMORY_H 1
| #define HAVE_STRINGS_H 1
| #define HAVE_INTTYPES_H 1
| #define HAVE_STDINT_H 1
| #define HAVE_UNISTD_H 1
| #define HAVE_DLFCN_H 1
| #ifdef __cplusplus
| extern "C" void std::exit (int) throw (); using std::exit;
| #endif
| #define _FILE_OFFSET_BITS 64
| #define HAVE_FENV_H 1
| #define HAVE_STDINT_H 1
| #define HAVE_INTTYPES_H 1
| #define HAVE_SYS_TYPES_H 1
| #define HAVE_ALLOCA_H 1
| #define HAVE_POSIX_MEMALIGN 1
| #define HAVE_MEMALIGN 1
| #define HAVE_BZERO 1
| #define HAVE_GETTIMEOFDAY 1
| #define HAVE_MEMSET 1
| #define HAVE_MMAP 1
| #define HAVE_STRNDUP 1
| #define HAVE_STRSTR 1
| #define HAVE_STRNCASECMP 1
| #define HAVE_SCHED_GET_PRIORITY_MAX 1
| #define HAVE_SELECT 1
| #define HAVE_SOCKET 1
| #define HAVE_GETPAGESIZE 1
| #define HAVE_MEMCPY 1
| #define HAVE_GETOPT_LONG 1
| #define RETSIGTYPE void
| #define USE_SWSCALER 1
| #define HAVE_LINUX
| #define HAVE_V4L 1
| #define HAVE_LIBPTHREAD
| #define HAVE_LIBDL 1
| #define HAVE_DL_DLOPEN
| #define HAVE_JPEG
| #define USE_GDK_PIXBUF 1
| #define HAVE___PROGNAME 1
| /* end confdefs.h.  */
| 
| #include <glib.h>
| #include <stdio.h>
| #include <stdlib.h>
| 
| int
| main ()
| {
|   int major, minor, micro;
|   char *tmp_version;
| 
|   system ("touch conf.glibtest");
| 
|   /* HP/UX 9 (%@#!) writes to sscanf strings */
|   tmp_version = g_strdup("2.0");
|   if (sscanf(tmp_version, "%d.%d.%d", &major, &minor, &micro) != 3) {
|      printf("%s, bad version string\n", "2.0");
|      exit(1);
|    }
| 
|   if ((glib_major_version != 1) ||
|       (glib_minor_version != 2) ||
|       (glib_micro_version != 10))
|     {
|       printf("\n*** 'glib-config --version' returned %d.%d.%d, but GLIB (%d.%d.%d)\n",
|              1, 2, 10,
|              glib_major_version, glib_minor_version, glib_micro_version);
|       printf ("*** was found! If glib-config was correct, then it is best\n");
|       printf ("*** to remove the old version of GLIB. You may also be able to fix the error\n");
|       printf("*** by modifying your LD_LIBRARY_PATH enviroment variable, or by editing\n");
|       printf("*** /etc/ld.so.conf. Make sure you have run ldconfig if that is\n");
|       printf("*** required on your system.\n");
|       printf("*** If glib-config was wrong, set the environment variable GLIB_CONFIG\n");
|       printf("*** to point to the correct copy of glib-config, and remove the file config.cache\n");
|       printf("*** before re-running configure\n");
|     }
|   else if ((glib_major_version != GLIB_MAJOR_VERSION) ||
| 	   (glib_minor_version != GLIB_MINOR_VERSION) ||
|            (glib_micro_version != GLIB_MICRO_VERSION))
|     {
|       printf("*** GLIB header files (version %d.%d.%d) do not match\n",
| 	     GLIB_MAJOR_VERSION, GLIB_MINOR_VERSION, GLIB_MICRO_VERSION);
|       printf("*** library (version %d.%d.%d)\n",
| 	     glib_major_version, glib_minor_version, glib_micro_version);
|     }
|   else
|     {
|       if ((glib_major_version > major) ||
|         ((glib_major_version == major) && (glib_minor_version > minor)) ||
|         ((glib_major_version == major) && (glib_minor_version == minor) && (glib_micro_version >= micro)))
|       {
|         return 0;
|        }
|      else
|       {
|         printf("\n*** An old version of GLIB (%d.%d.%d) was found.\n",
|                glib_major_version, glib_minor_version, glib_micro_version);
|         printf("*** You need a version of GLIB newer than %d.%d.%d. The latest version of\n",
| 	       major, minor, micro);
|         printf("*** GLIB is always available from ftp://ftp.gtk.org.\n");
|         printf("***\n");
|         printf("*** If you have already installed a sufficiently new version, this error\n");
|         printf("*** probably means that the wrong copy of the glib-config shell script is\n");
|         printf("*** being found. The easiest way to fix this is to remove the old version\n");
|         printf("*** of GLIB, but you can also set the GLIB_CONFIG environment to point to the\n");
|         printf("*** correct copy of glib-config. (In this case, you will have to\n");
|         printf("*** modify your LD_LIBRARY_PATH enviroment variable, or edit /etc/ld.so.conf\n");
|         printf("*** so that the correct libraries are found at run-time))\n");
|       }
|     }
|   return 1;
| }
| 
configure:26006: result: no
configure:26140: checking for sdl-config
configure:26158: found /usr/local/bin/sdl-config
configure:26171: result: /usr/local/bin/sdl-config
configure:26179: checking for SDL - version >= 1.2.3
configure:26271: gcc -o conftest  -I/usr/local/include/SDL -D_REENTRANT   conftest.c -ldl  -L/usr/local/lib -Wl,-rpath,/usr/local/lib -lSDL -lpthread >&5
configure:26274: $? = 0
configure:26276: ./conftest
configure:26279: $? = 0
configure:26297: result: yes
configure:26407: checking for DIRECTFB
configure:26415: $PKG_CONFIG --exists --print-errors "directfb >= 0.9.17"
Package directfb was not found in the pkg-config search path.
Perhaps you should add the directory containing `directfb.pc'
to the PKG_CONFIG_PATH environment variable
No package 'directfb' found
configure:26418: $? = 1
configure:26433: $PKG_CONFIG --exists --print-errors "directfb >= 0.9.17"
Package directfb was not found in the pkg-config search path.
Perhaps you should add the directory containing `directfb.pc'
to the PKG_CONFIG_PATH environment variable
No package 'directfb' found
configure:26436: $? = 1
No package 'directfb' found
configure:26491: checking for JACK
configure:26499: $PKG_CONFIG --exists --print-errors "jack >= 0.98.1 "
configure:26502: $? = 0
configure:26517: $PKG_CONFIG --exists --print-errors "jack >= 0.98.1 "
configure:26520: $? = 0
configure:26554: result: yes
configure:26614: checking for xml2-config
configure:26632: found /usr/bin/xml2-config
configure:26645: result: /usr/bin/xml2-config
configure:26653: checking for libxml - version >= 2.5.4
configure:26760: gcc -o conftest   -I/usr/include/libxml2  conftest.c -L/usr/lib -lxml2 -lz -lm -ldl  >&5
configure:26763: $? = 0
configure:26765: ./conftest
configure:26768: $? = 0
configure:26787: result: yes (version 2.6.22)
configure:26895: checking for freetype-config
configure:26911: found /usr/bin/freetype-config
configure:26922: result: yes
configure:26954: checking whether to compile in debugging information
configure:26962: result: no
configure:26983: checking Architecture
configure:26987: result: x86
configure:27152: checking for nasm
configure:27170: found /usr/bin/nasm
configure:27182: result: /usr/bin/nasm
configure:27206: checking for MMX on processor(s)
configure:27219: result: 
configure:27236: checking for SSE on processor(s)
configure:27249: result: yes
configure:27267: checking for SSE2 on processor(s)
configure:27280: result: yes
configure:27297: checking for 3DNOW on processor(s)
configure:27310: result: no
configure:27322: checking for CMOV on processor(s)
configure:27335: result: yes
configure:27348: checking for MMX2 on processor(s)
configure:27361: result: no
configure:27440: checking sub-architecture settings
configure:27720: checking what warning flags to pass to the C compiler
configure:27740: result: -Wall -Wunused
configure:27742: result: 
configure:27773:  Gveejay true yes 
configure:27781: checking for GTKCAIRO
configure:27789: $PKG_CONFIG --exists --print-errors "gtkcairo >= 0.3"
configure:27792: $? = 0
configure:27807: $PKG_CONFIG --exists --print-errors "gtkcairo >= 0.3"
configure:27810: $? = 0
configure:27846: result: yes
configure:27879: checking for GLIB
configure:27887: $PKG_CONFIG --exists --print-errors "$glib_modules"
configure:27890: $? = 0
configure:27905: $PKG_CONFIG --exists --print-errors "$glib_modules"
configure:27908: $? = 0
configure:27984: result: yes
configure:27994: checking for GTK
configure:28002: $PKG_CONFIG --exists --print-errors "$gtk_modules"
configure:28005: $? = 0
configure:28020: $PKG_CONFIG --exists --print-errors "$gtk_modules"
configure:28023: $? = 0
configure:28099: result: yes
configure:28109: checking for GLADE
configure:28117: $PKG_CONFIG --exists --print-errors "$libglade_modules"
configure:28120: $? = 0
configure:28135: $PKG_CONFIG --exists --print-errors "$libglade_modules"
configure:28138: $? = 0
configure:28214: result: yes
configure:28586: creating ./config.status

## ---------------------- ##
## Running config.status. ##
## ---------------------- ##

This file was extended by veejay config.status 0.9.0, which was
generated by GNU Autoconf 2.59.  Invocation command line was

  CONFIG_FILES    = 
  CONFIG_HEADERS  = 
  CONFIG_LINKS    = 
  CONFIG_COMMANDS = 
  $ ./config.status 

on darkstar

config.status:848: creating Makefile
config.status:848: creating ffmpeg/Makefile
config.status:848: creating libOSC/Makefile
config.status:848: creating libpostproc/Makefile
config.status:848: creating libhash/Makefile
config.status:848: creating libvjmsg/Makefile
config.status:848: creating libvevo/Makefile
config.status:848: creating libvjmem/Makefile
config.status:848: creating libvje/Makefile
config.status:848: creating libsample/Makefile
config.status:848: creating libvjnet/Makefile
config.status:848: creating libyuv/Makefile
config.status:848: creating libel/Makefile
config.status:848: creating libstream/Makefile
config.status:848: creating liblavjpeg/Makefile
config.status:848: creating libsamplerec/Makefile
config.status:848: creating utils/Makefile
config.status:848: creating bio2jack/Makefile
config.status:848: creating plugins/Makefile
config.status:848: creating veejay/Makefile
config.status:848: creating gveejay/Makefile
config.status:848: creating gveejay-reloaded/Makefile
config.status:848: creating man/Makefile
config.status:848: creating tools/Makefile
config.status:848: creating gveejay-paths.sh
config.status:848: creating veejay-config
config.status:848: creating veejay.pc
config.status:952: creating config.h
config.status:1360: executing depfiles commands
configure:30036: 
configure:30038:  Veejay 0.9.0 build configuration :
configure:30040: 
configure:30042:  Compiler flags: -march=pentium4 -mcpu=pentium4 -fno-common -O2 -fomit-frame-pointer -malign-double -mfpmath=sse -Wall -Wunused  -g
configure:30044: 
configure:30046:  Architecture: i686 
configure:30048: 
configure:30051:    x86  
configure:30053:     MMX     enabled     : true
configure:30055:     MMX2    enabled     : false
configure:30057:     SSE     enabled     : true
configure:30059:     SSE2    enabled     : true
configure:30061:     3DNOW   enabled     : false
configure:30063:     CMOV    enabled     : true
configure:30065:     Nasm    enabled     : true
configure:30082: 
configure:30085:    Platform: Linux
configure:30095: 
configure:30097:  Required dependencies:
configure:30099:   - POSIX Threads (pthread)       : true
configure:30102:  Optional dependencies
configure:30105:   - video4linux                   : true
configure:30107:   - SDL support                   : true
configure:30113:   - DirectFB support              : false
configure:30115:   - AVI MJPEG playback/recording  : true (always)
configure:30117:   - libDV (digital video) support : false 
configure:30119:   - JPEG support                  : true 
configure:30121:   - GDK Pixbuf support            : true
configure:30123:   - jack                          : true
configure:30125:   - xml c library for gnome       : true
configure:30127:   - freetype support              : true
configure:30129:   - GVeejay UI                    : true
configure:30131:   - GVeejay Reloaded UI           : true
configure:30133:   - Swscaler support              : true
configure:30137: 

## ---------------- ##
## Cache variables. ##
## ---------------- ##

ac_cv_build=i686-pc-linux-gnu
ac_cv_build_alias=i686-pc-linux-gnu
ac_cv_c_bigendian=no
ac_cv_c_compiler_gnu=yes
ac_cv_c_const=yes
ac_cv_c_inline=inline
ac_cv_cxx_compiler_gnu=yes
ac_cv_env_CCASFLAGS_set=
ac_cv_env_CCASFLAGS_value=
ac_cv_env_CCAS_set=
ac_cv_env_CCAS_value=
ac_cv_env_CC_set=
ac_cv_env_CC_value=
ac_cv_env_CFLAGS_set=
ac_cv_env_CFLAGS_value=
ac_cv_env_CPPFLAGS_set=
ac_cv_env_CPPFLAGS_value=
ac_cv_env_CPP_set=
ac_cv_env_CPP_value=
ac_cv_env_CXXCPP_set=
ac_cv_env_CXXCPP_value=
ac_cv_env_CXXFLAGS_set=
ac_cv_env_CXXFLAGS_value=
ac_cv_env_CXX_set=
ac_cv_env_CXX_value=
ac_cv_env_DIRECTFB_CFLAGS_set=
ac_cv_env_DIRECTFB_CFLAGS_value=
ac_cv_env_DIRECTFB_LIBS_set=
ac_cv_env_DIRECTFB_LIBS_value=
ac_cv_env_F77_set=
ac_cv_env_F77_value=
ac_cv_env_FFLAGS_set=
ac_cv_env_FFLAGS_value=
ac_cv_env_GLADE_CFLAGS_set=
ac_cv_env_GLADE_CFLAGS_value=
ac_cv_env_GLADE_LIBS_set=
ac_cv_env_GLADE_LIBS_value=
ac_cv_env_GLIB_CFLAGS_set=
ac_cv_env_GLIB_CFLAGS_value=
ac_cv_env_GLIB_LIBS_set=
ac_cv_env_GLIB_LIBS_value=
ac_cv_env_GTKCAIRO_CFLAGS_set=
ac_cv_env_GTKCAIRO_CFLAGS_value=
ac_cv_env_GTKCAIRO_LIBS_set=
ac_cv_env_GTKCAIRO_LIBS_value=
ac_cv_env_GTK_CFLAGS_set=
ac_cv_env_GTK_CFLAGS_value=
ac_cv_env_GTK_LIBS_set=
ac_cv_env_GTK_LIBS_value=
ac_cv_env_JACK_CFLAGS_set=
ac_cv_env_JACK_CFLAGS_value=
ac_cv_env_JACK_LIBS_set=
ac_cv_env_JACK_LIBS_value=
ac_cv_env_LDFLAGS_set=
ac_cv_env_LDFLAGS_value=
ac_cv_env_LIBDV_CFLAGS_set=
ac_cv_env_LIBDV_CFLAGS_value=
ac_cv_env_LIBDV_LIBS_set=
ac_cv_env_LIBDV_LIBS_value=
ac_cv_env_PIXBUF_CFLAGS_set=
ac_cv_env_PIXBUF_CFLAGS_value=
ac_cv_env_PIXBUF_LIBS_set=
ac_cv_env_PIXBUF_LIBS_value=
ac_cv_env_PKG_CONFIG_set=
ac_cv_env_PKG_CONFIG_value=
ac_cv_env_build_alias_set=
ac_cv_env_build_alias_value=
ac_cv_env_host_alias_set=
ac_cv_env_host_alias_value=
ac_cv_env_target_alias_set=
ac_cv_env_target_alias_value=
ac_cv_exeext=
ac_cv_f77_compiler_gnu=yes
ac_cv_flag_3dnow=no
ac_cv_flag_cmov=yes
ac_cv_flag_mmx=yes
ac_cv_flag_mmx2=no
ac_cv_flag_sse=yes
ac_cv_flag_sse2=yes
ac_cv_func_bzero=yes
ac_cv_func_fmax=no
ac_cv_func_getopt_long=yes
ac_cv_func_getpagesize=yes
ac_cv_func_gettimeofday=yes
ac_cv_func_lround=no
ac_cv_func_memalign=yes
ac_cv_func_memcpy=yes
ac_cv_func_memset=yes
ac_cv_func_mmap=yes
ac_cv_func_posix_memalign=yes
ac_cv_func_pow=no
ac_cv_func_pthread_attr_getstacksize=no
ac_cv_func_sched_get_priority_max=yes
ac_cv_func_select=yes
ac_cv_func_socket=yes
ac_cv_func_strncasecmp=yes
ac_cv_func_strndup=yes
ac_cv_func_strstr=yes
ac_cv_header_alloca_h=yes
ac_cv_header_dlfcn_h=yes
ac_cv_header_fenv_h=yes
ac_cv_header_inttypes_h=yes
ac_cv_header_jpeglib_h=yes
ac_cv_header_linux_version_h=yes
ac_cv_header_linux_videodev_h=yes
ac_cv_header_memory_h=yes
ac_cv_header_stdc=yes
ac_cv_header_stdint_h=yes
ac_cv_header_stdlib_h=yes
ac_cv_header_string_h=yes
ac_cv_header_strings_h=yes
ac_cv_header_sys_stat_h=yes
ac_cv_header_sys_types_h=yes
ac_cv_header_unistd_h=yes
ac_cv_host=i686-pc-linux-gnu
ac_cv_host_alias=i686-pc-linux-gnu
ac_cv_lib_Xxf86dga_XF86DGAQueryExtension=no
ac_cv_lib_dl_dlopen=yes
ac_cv_lib_jpeg_jpeg_start_compress=yes
ac_cv_lib_jpeg_mmx_jpeg_start_compress=no
ac_cv_lib_pthread_pthread_create=yes
ac_cv_objext=o
ac_cv_path_AS=/usr/bin/nasm
ac_cv_path_GLIB_CONFIG=/usr/bin/glib-config
ac_cv_path_SDL_CONFIG=/usr/local/bin/sdl-config
ac_cv_path_XML2_CONFIG=/usr/bin/xml2-config
ac_cv_path_ac_pt_PKG_CONFIG=/usr/bin/pkg-config
ac_cv_path_install='/usr/bin/ginstall -c'
ac_cv_prog_AWK=gawk
ac_cv_prog_CPP='gcc -E'
ac_cv_prog_CXXCPP='g++ -E'
ac_cv_prog_FREETYPE_CONFIG=yes
ac_cv_prog_ac_ct_AR=ar
ac_cv_prog_ac_ct_CC=gcc
ac_cv_prog_ac_ct_CXX=g++
ac_cv_prog_ac_ct_F77=g77
ac_cv_prog_ac_ct_RANLIB=ranlib
ac_cv_prog_ac_ct_STRIP=strip
ac_cv_prog_cc_g=yes
ac_cv_prog_cc_stdc=
ac_cv_prog_cxx_g=yes
ac_cv_prog_egrep='grep -E'
ac_cv_prog_f77_g=yes
ac_cv_prog_make_make_set=yes
ac_cv_sys_file_offset_bits=64
ac_cv_sys_large_files=no
ac_cv_sys_largefile_CC=no
ac_cv_target=i686-pc-linux-gnu
ac_cv_target_alias=i686-pc-linux-gnu
ac_cv_type_signal=void
am_cv_CC_dependencies_compiler_type=gcc3
am_cv_CXX_dependencies_compiler_type=gcc3
am_cv_prog_cc_stdc=
lt_cv_deplibs_check_method=pass_all
lt_cv_file_magic_cmd='$MAGIC_CMD'
lt_cv_file_magic_test_file=
lt_cv_ld_reload_flag=-r
lt_cv_objdir=.libs
lt_cv_path_LD=/usr/i486-slackware-linux/bin/ld
lt_cv_path_LDCXX=/usr/i486-slackware-linux/bin/ld
lt_cv_path_NM='/usr/bin/nm -B'
lt_cv_path_SED=/bin/sed
lt_cv_prog_compiler_c_o=yes
lt_cv_prog_compiler_c_o_CXX=yes
lt_cv_prog_compiler_c_o_F77=yes
lt_cv_prog_compiler_rtti_exceptions=no
lt_cv_prog_gnu_ld=yes
lt_cv_prog_gnu_ldcxx=yes
lt_cv_sys_global_symbol_pipe='sed -n -e '\''s/^.*[ 	]\([ABCDGIRSTW][ABCDGIRSTW]*\)[ 	][ 	]*\([_A-Za-z][_A-Za-z0-9]*\)$/\1 \2 \2/p'\'''
lt_cv_sys_global_symbol_to_c_name_address='sed -n -e '\''s/^: \([^ ]*\) $/  {\"\1\", (lt_ptr) 0},/p'\'' -e '\''s/^[BCDEGRST] \([^ ]*\) \([^ ]*\)$/  {"\2", (lt_ptr) \&\2},/p'\'''
lt_cv_sys_global_symbol_to_cdecl='sed -n -e '\''s/^. .* \(.*\)$/extern int \1;/p'\'''
lt_cv_sys_max_cmd_len=32768
lt_lt_cv_prog_compiler_c_o='"yes"'
lt_lt_cv_prog_compiler_c_o_CXX='"yes"'
lt_lt_cv_prog_compiler_c_o_F77='"yes"'
lt_lt_cv_sys_global_symbol_pipe='"sed -n -e '\''s/^.*[ 	]\\([ABCDGIRSTW][ABCDGIRSTW]*\\)[ 	][ 	]*\\([_A-Za-z][_A-Za-z0-9]*\\)\$/\\1 \\2 \\2/p'\''"'
lt_lt_cv_sys_global_symbol_to_c_name_address='"sed -n -e '\''s/^: \\([^ ]*\\) \$/  {\\\"\\1\\\", (lt_ptr) 0},/p'\'' -e '\''s/^[BCDEGRST] \\([^ ]*\\) \\([^ ]*\\)\$/  {\"\\2\", (lt_ptr) \\&\\2},/p'\''"'
lt_lt_cv_sys_global_symbol_to_cdecl='"sed -n -e '\''s/^. .* \\(.*\\)\$/extern int \\1;/p'\''"'
mjt_cv_extern___progname=yes
pkg_cv_GLADE_CFLAGS='-I/usr/local/include/cairo -I/usr/include/libglade-2.0 -I/usr/include/gtk-2.0 -I/usr/include/libxml2 -I/usr/lib/gtk-2.0/include -I/usr/include/atk-1.0 -I/usr/include/pango-1.0 -I/usr/include/cairo -I/usr/include/glib-2.0 -I/usr/lib/glib-2.0/include  '
pkg_cv_GLADE_LIBS='-L/usr/local/lib -lglade-2.0 -lgtk-x11-2.0 -lxml2 -lz -lgdk-x11-2.0 -latk-1.0 -lgdk_pixbuf-2.0 -lm -lpangocairo-1.0 -lpango-1.0 -lcairo -lgobject-2.0 -lgmodule-2.0 -ldl -lglib-2.0  '
pkg_cv_GLIB_CFLAGS='-I/usr/include/glib-2.0 -I/usr/lib/glib-2.0/include  '
pkg_cv_GLIB_LIBS='-lglib-2.0  '
pkg_cv_GTKCAIRO_CFLAGS='-I/usr/local/include -I/usr/local/include/cairo -I/usr/include/gtk-2.0 -I/usr/lib/gtk-2.0/include -I/usr/include/atk-1.0 -I/usr/include/pango-1.0 -I/usr/include/cairo -I/usr/include/glib-2.0 -I/usr/lib/glib-2.0/include  '
pkg_cv_GTKCAIRO_LIBS='-L/usr/local/lib -lgtkcairo -lgtk-x11-2.0 -lgdk-x11-2.0 -latk-1.0 -lgdk_pixbuf-2.0 -lm -lpangocairo-1.0 -lpango-1.0 -lcairo -lgobject-2.0 -lgmodule-2.0 -ldl -lglib-2.0  '
pkg_cv_GTK_CFLAGS='-I/usr/local/include/cairo -I/usr/include/gtk-2.0 -I/usr/lib/gtk-2.0/include -I/usr/include/atk-1.0 -I/usr/include/pango-1.0 -I/usr/include/cairo -I/usr/include/glib-2.0 -I/usr/lib/glib-2.0/include  '
pkg_cv_GTK_LIBS='-L/usr/local/lib -lgtk-x11-2.0 -lgdk-x11-2.0 -latk-1.0 -lgdk_pixbuf-2.0 -lm -lpangocairo-1.0 -lpango-1.0 -lcairo -lgobject-2.0 -lgmodule-2.0 -ldl -lglib-2.0  '
pkg_cv_JACK_CFLAGS='-I/usr/local/include  '
pkg_cv_JACK_LIBS='-L/usr/local/lib -ljack  '
pkg_cv_PIXBUF_CFLAGS='-I/usr/local/include/cairo -I/usr/include/gtk-2.0 -I/usr/lib/gtk-2.0/include -I/usr/include/atk-1.0 -I/usr/include/pango-1.0 -I/usr/include/cairo -I/usr/include/glib-2.0 -I/usr/lib/glib-2.0/include  '
pkg_cv_PIXBUF_LIBS='-L/usr/local/lib -lgtk-x11-2.0 -lgdk-x11-2.0 -latk-1.0 -lpangocairo-1.0 -lpango-1.0 -lcairo -lgdk_pixbuf-2.0 -lm -lgobject-2.0 -lgmodule-2.0 -ldl -lglib-2.0  '

## ----------------- ##
## Output variables. ##
## ----------------- ##

ACLOCAL='${SHELL} /ve/veejay-current/missing --run aclocal-1.9'
ALTIVEC_CFLAGS=''
AMDEPBACKSLASH='\'
AMDEP_FALSE='#'
AMDEP_TRUE=''
AMTAR='${SHELL} /ve/veejay-current/missing --run tar'
AR='ar'
AS='/usr/bin/nasm'
ASFLAGS='-f elf'
AUTOCONF='${SHELL} /ve/veejay-current/missing --run autoconf'
AUTOHEADER='${SHELL} /ve/veejay-current/missing --run autoheader'
AUTOMAKE='${SHELL} /ve/veejay-current/missing --run automake-1.9'
AWK='gawk'
CC='gcc'
CCAS='gcc'
CCASFLAGS=''
CCDEPMODE='depmode=gcc3'
CFLAGS='-march=pentium4 -mcpu=pentium4 -fno-common -O2 -fomit-frame-pointer -malign-double -mfpmath=sse -Wall -Wunused  -g'
CPP='gcc -E'
CPPFLAGS=''
CXX='g++'
CXXCPP='g++ -E'
CXXDEPMODE='depmode=gcc3'
CXXFLAGS='-march=pentium4 -mcpu=pentium4 -g -O2 -I/usr/local/include/SDL -D_REENTRANT  -g'
CYGPATH_W='echo'
DEFS='-DHAVE_CONFIG_H'
DEPDIR='.deps'
DIRECTFB_CFLAGS=''
DIRECTFB_LIBS=''
ECHO='echo'
ECHO_C=''
ECHO_N='-n'
ECHO_T=''
EGREP='grep -E'
EXEEXT=''
F77='g77'
FFLAGS='-g -O2'
FFMPEG_CFLAGS='-I$(top_srcdir)/ffmpeg/ffmpeg/libavcodec -I$(top_srcdir)/ffmpeg/ffmpeg/libavformat'
FFMPEG_LIBS='-L$(top_builddir)/ffmpeg/ffmpeg/libavcodec -lavcodec -L$(top_builddir)/ffmpeg/ffmpeg/libavformat -lavformat'
FREETYPE_CONFIG='yes'
FT_CFLAGS='-I/usr/include/freetype2'
FT_LDFLAGS=''
FT_LIBS=' -lfreetype -lz'
GLADE_CFLAGS='-I/usr/local/include/cairo -I/usr/include/libglade-2.0 -I/usr/include/gtk-2.0 -I/usr/include/libxml2 -I/usr/lib/gtk-2.0/include -I/usr/include/atk-1.0 -I/usr/include/pango-1.0 -I/usr/include/cairo -I/usr/include/glib-2.0 -I/usr/lib/glib-2.0/include  '
GLADE_LIBS='-L/usr/local/lib -lglade-2.0 -lgtk-x11-2.0 -lxml2 -lz -lgdk-x11-2.0 -latk-1.0 -lgdk_pixbuf-2.0 -lm -lpangocairo-1.0 -lpango-1.0 -lcairo -lgobject-2.0 -lgmodule-2.0 -ldl -lglib-2.0  '
GLIB_CFLAGS='-I/usr/include/glib-2.0 -I/usr/lib/glib-2.0/include  '
GLIB_CONFIG='/usr/bin/glib-config'
GLIB_LIBS='-lglib-2.0  '
GTKCAIRO_CFLAGS='-I/usr/local/include -I/usr/local/include/cairo -I/usr/include/gtk-2.0 -I/usr/lib/gtk-2.0/include -I/usr/include/atk-1.0 -I/usr/include/pango-1.0 -I/usr/include/cairo -I/usr/include/glib-2.0 -I/usr/lib/glib-2.0/include  '
GTKCAIRO_CFLAGS='-I/usr/local/include -I/usr/local/include/cairo -I/usr/include/gtk-2.0 -I/usr/lib/gtk-2.0/include -I/usr/include/atk-1.0 -I/usr/include/pango-1.0 -I/usr/include/cairo -I/usr/include/glib-2.0 -I/usr/lib/glib-2.0/include  '
GTKCAIRO_LIBS='-L/usr/local/lib -lgtkcairo -lgtk-x11-2.0 -lgdk-x11-2.0 -latk-1.0 -lgdk_pixbuf-2.0 -lm -lpangocairo-1.0 -lpango-1.0 -lcairo -lgobject-2.0 -lgmodule-2.0 -ldl -lglib-2.0  '
GTKCAIRO_LIBS='-L/usr/local/lib -lgtkcairo -lgtk-x11-2.0 -lgdk-x11-2.0 -latk-1.0 -lgdk_pixbuf-2.0 -lm -lpangocairo-1.0 -lpango-1.0 -lcairo -lgobject-2.0 -lgmodule-2.0 -ldl -lglib-2.0  '
GTK_CFLAGS='-I/usr/local/include/cairo -I/usr/include/gtk-2.0 -I/usr/lib/gtk-2.0/include -I/usr/include/atk-1.0 -I/usr/include/pango-1.0 -I/usr/include/cairo -I/usr/include/glib-2.0 -I/usr/lib/glib-2.0/include  '
GTK_LIBS='-L/usr/local/lib -lgtk-x11-2.0 -lgdk-x11-2.0 -latk-1.0 -lgdk_pixbuf-2.0 -lm -lpangocairo-1.0 -lpango-1.0 -lcairo -lgobject-2.0 -lgmodule-2.0 -ldl -lglib-2.0  '
HAVE_ALTIVEC_FALSE=''
HAVE_ALTIVEC_TRUE='#'
HAVE_ASM_MMX2_FALSE=''
HAVE_ASM_MMX2_TRUE='#'
HAVE_ASM_MMX_FALSE='#'
HAVE_ASM_MMX_TRUE=''
HAVE_ASM_NASM_FALSE='#'
HAVE_ASM_NASM_TRUE=''
HAVE_ASM_SSE2_FALSE='#'
HAVE_ASM_SSE2_TRUE=''
HAVE_ASM_SSE_FALSE='#'
HAVE_ASM_SSE_TRUE=''
HAVE_DIRECTFB_FALSE=''
HAVE_DIRECTFB_TRUE='#'
HAVE_DL_DLOPEN_FALSE='#'
HAVE_DL_DLOPEN_TRUE=''
HAVE_FREETYPE_FALSE='#'
HAVE_FREETYPE_TRUE=''
HAVE_JACK_FALSE='#'
HAVE_JACK_TRUE=''
HAVE_JPEG_FALSE='#'
HAVE_JPEG_TRUE=''
HAVE_MMX2_FALSE=''
HAVE_MMX2_TRUE='#'
HAVE_MMX_FALSE='#'
HAVE_MMX_TRUE=''
HAVE_PPCCPU_FALSE=''
HAVE_PPCCPU_TRUE='#'
HAVE_SDL_FALSE='#'
HAVE_SDL_TRUE=''
HAVE_SSE2_FALSE='#'
HAVE_SSE2_TRUE=''
HAVE_SSE_FALSE='#'
HAVE_SSE_TRUE=''
HAVE_V4L_FALSE='#'
HAVE_V4L_TRUE=''
HAVE_X86CPU_FALSE='#'
HAVE_X86CPU_TRUE=''
HAVE_XML2_FALSE='#'
HAVE_XML2_TRUE=''
INSTALL_DATA='${INSTALL} -m 644'
INSTALL_PROGRAM='${INSTALL}'
INSTALL_SCRIPT='${INSTALL}'
INSTALL_STRIP_PROGRAM='${SHELL} $(install_sh) -c -s'
JACK_CFLAGS='-I/usr/local/include  '
JACK_LIBS='-L/usr/local/lib -ljack  '
JPEG_CFLAGS=''
JPEG_LIBS='-ljpeg'
LDFLAGS=''
LIBDV_CFLAGS=''
LIBDV_LIBS=''
LIBGETOPT_LIB=''
LIBM_LIBS='-lm'
LIBOBJS=''
LIBS='-ldl '
LIBTOOL='$(SHELL) $(top_builddir)/libtool'
LN_S='ln -s'
LTLIBOBJS=''
LT_AGE='1'
LT_CURRENT='1'
LT_RELEASE='0.9'
LT_REVISION='1'
MAINT='#'
MAINTAINER_MODE_FALSE=''
MAINTAINER_MODE_TRUE='#'
MAKEINFO='${SHELL} /ve/veejay-current/missing --run makeinfo'
OBJEXT='o'
PACKAGE='veejay'
PACKAGE_BUGREPORT='veejay-users@lissts.sourceforge.net'
PACKAGE_NAME='veejay'
PACKAGE_STRING='veejay 0.9.0'
PACKAGE_TARNAME='veejay'
PACKAGE_VERSION='0.9.0'
PATH_SEPARATOR=':'
PIXBUF_CFLAGS='-I/usr/local/include/cairo -I/usr/include/gtk-2.0 -I/usr/lib/gtk-2.0/include -I/usr/include/atk-1.0 -I/usr/include/pango-1.0 -I/usr/include/cairo -I/usr/include/glib-2.0 -I/usr/lib/glib-2.0/include  '
PIXBUF_CFLAGS='-I/usr/local/include/cairo -I/usr/include/gtk-2.0 -I/usr/lib/gtk-2.0/include -I/usr/include/atk-1.0 -I/usr/include/pango-1.0 -I/usr/include/cairo -I/usr/include/glib-2.0 -I/usr/lib/glib-2.0/include  '
PIXBUF_LIBS='-L/usr/local/lib -lgtk-x11-2.0 -lgdk-x11-2.0 -latk-1.0 -lpangocairo-1.0 -lpango-1.0 -lcairo -lgdk_pixbuf-2.0 -lm -lgobject-2.0 -lgmodule-2.0 -ldl -lglib-2.0  '
PIXBUF_LIBS='-L/usr/local/lib -lgtk-x11-2.0 -lgdk-x11-2.0 -latk-1.0 -lpangocairo-1.0 -lpango-1.0 -lcairo -lgdk_pixbuf-2.0 -lm -lgobject-2.0 -lgmodule-2.0 -ldl -lglib-2.0  '
PKG_CONFIG='/usr/bin/pkg-config'
PROGRAM_NOPIC='-fno-PIC'
PTHREAD_LIBS='-lpthread'
RANLIB='ranlib'
SDL_CFLAGS='-I/usr/local/include/SDL -D_REENTRANT'
SDL_CONFIG='/usr/local/bin/sdl-config'
SDL_LIBS='-L/usr/local/lib -Wl,-rpath,/usr/local/lib -lSDL -lpthread'
SET_MAKE=''
SHELL='/bin/sh'
STRIP='strip'
SUPPORT_READ_DV2_FALSE=''
SUPPORT_READ_DV2_TRUE='#'
USE_GVEEJAYRELOADED_FALSE='#'
USE_GVEEJAYRELOADED_TRUE=''
USE_GVEEJAY_FALSE='#'
USE_GVEEJAY_TRUE=''
USE_SWSCALER=''
USE_SWSCALER_FALSE='#'
USE_SWSCALER_TRUE=''
V4LCONF_LIBS=''
VERSION='0.9.0'
XML2_CONFIG='/usr/bin/xml2-config'
XML_CPPFLAGS='-I/usr/include/libxml2'
XML_LIBS='-L/usr/lib -lxml2 -lz -lm'
ac_ct_AR='ar'
ac_ct_CC='gcc'
ac_ct_CXX='g++'
ac_ct_F77='g77'
ac_ct_RANLIB='ranlib'
ac_ct_STRIP='strip'
ac_pt_PKG_CONFIG='/usr/bin/pkg-config'
am__fastdepCC_FALSE='#'
am__fastdepCC_TRUE=''
am__fastdepCXX_FALSE='#'
am__fastdepCXX_TRUE=''
am__include='include'
am__leading_dot='.'
am__quote=''
am__tar='${AMTAR} chof - "$$tardir"'
am__untar='${AMTAR} xf -'
bindir='${exec_prefix}/bin'
build='i686-pc-linux-gnu'
build_alias=''
build_cpu='i686'
build_os='linux-gnu'
build_vendor='pc'
datadir='${prefix}/share'
exec_prefix='${prefix}'
gveejay_datadir='${prefix}/share/veejay'
host='i686-pc-linux-gnu'
host_alias=''
host_cpu='i686'
host_os='linux-gnu'
host_vendor='pc'
includedir='${prefix}/include'
infodir='${prefix}/info'
install_sh='/ve/veejay-current/install-sh'
libdir='${exec_prefix}/lib'
libexecdir='${exec_prefix}/libexec'
localstatedir='${prefix}/var'
mandir='${prefix}/man'
mkdir_p='mkdir -p --'
oldincludedir='/usr/include'
prefix='/usr/local'
program_transform_name='s,x,x,'
sbindir='${exec_prefix}/sbin'
sharedstatedir='${prefix}/com'
sysconfdir='${prefix}/etc'
target='i686-pc-linux-gnu'
target_alias=''
target_cpu='i686'
target_os='linux-gnu'
target_vendor='pc'

## ----------- ##
## confdefs.h. ##
## ----------- ##

#define ARCH_X86 1
#define HAVE_ALLOCA_H 1
#define HAVE_ASM_MMX
#define HAVE_ASM_NASM
#define HAVE_ASM_SSE
#define HAVE_ASM_SSE2
#define HAVE_BZERO 1
#define HAVE_CMOV
#define HAVE_DLFCN_H 1
#define HAVE_DL_DLOPEN
#define HAVE_FENV_H 1
#define HAVE_FFMPEG_UNINSTALLED
#define HAVE_FREETYPE
#define HAVE_GETOPT_LONG 1
#define HAVE_GETPAGESIZE 1
#define HAVE_GETTIMEOFDAY 1
#define HAVE_INTTYPES_H 1
#define HAVE_INTTYPES_H 1
#define HAVE_JACK
#define HAVE_JPEG
#define HAVE_LIBDL 1
#define HAVE_LIBPTHREAD
#define HAVE_LINUX
#define HAVE_MEMALIGN 1
#define HAVE_MEMCPY 1
#define HAVE_MEMORY_H 1
#define HAVE_MEMSET 1
#define HAVE_MMAP 1
#define HAVE_MMX
#define HAVE_POSIX_MEMALIGN 1
#define HAVE_SCHED_GET_PRIORITY_MAX 1
#define HAVE_SDL
#define HAVE_SELECT 1
#define HAVE_SOCKET 1
#define HAVE_SSE
#define HAVE_SSE2
#define HAVE_STDINT_H 1
#define HAVE_STDINT_H 1
#define HAVE_STDLIB_H 1
#define HAVE_STRINGS_H 1
#define HAVE_STRING_H 1
#define HAVE_STRNCASECMP 1
#define HAVE_STRNDUP 1
#define HAVE_STRSTR 1
#define HAVE_SYS_STAT_H 1
#define HAVE_SYS_TYPES_H 1
#define HAVE_SYS_TYPES_H 1
#define HAVE_UNISTD_H 1
#define HAVE_V4L 1
#define HAVE_X86CPU
#define HAVE_XML2
#define HAVE___PROGNAME 1
#define PACKAGE "veejay"
#define PACKAGE "veejay"
#define PACKAGE_BUGREPORT "veejay-users@lissts.sourceforge.net"
#define PACKAGE_NAME "veejay"
#define PACKAGE_STRING "veejay 0.9.0"
#define PACKAGE_TARNAME "veejay"
#define PACKAGE_VERSION "0.9.0"
#define RETSIGTYPE void
#define STDC_HEADERS 1
#define USE_GDK_PIXBUF 1
#define USE_GTKCAIRO
#define USE_SWSCALER 1
#define VEEJAY
#define VERSION "0.9.0"
#define VERSION "0.9.0"
#define VERSION ${VERSION}
#define _FILE_OFFSET_BITS 64
#define _GNU_SOURCE 1
#endif
#ifdef __cplusplus
extern "C" void std::exit (int) throw (); using std::exit;

configure: exit 0
